/home/deeric/belajar-ROS/ros2_ws/install/state_publisher/lib/python3.10/site-packages/state_publisher/__init__.py
/home/deeric/belajar-ROS/ros2_ws/install/state_publisher/lib/python3.10/site-packages/state_publisher/state_publisher.py
/home/deeric/belajar-ROS/ros2_ws/install/state_publisher/lib/python3.10/site-packages/state_publisher/__pycache__/__init__.cpython-310.pyc
/home/deeric/belajar-ROS/ros2_ws/install/state_publisher/lib/python3.10/site-packages/state_publisher/__pycache__/state_publisher.cpython-310.pyc
/home/deeric/belajar-ROS/ros2_ws/install/state_publisher/share/ament_index/resource_index/packages/state_publisher
/home/deeric/belajar-ROS/ros2_ws/install/state_publisher/share/state_publisher/package.xml
/home/deeric/belajar-ROS/ros2_ws/install/state_publisher/share/state_publisher/launch/main.launch.py
/home/deeric/belajar-ROS/ros2_ws/install/state_publisher/share/state_publisher/launch/vio.launch.py
/home/deeric/belajar-ROS/ros2_ws/install/state_publisher/share/state_publisher/launch/spawn.launch.py
/home/deeric/belajar-ROS/ros2_ws/install/state_publisher/share/state_publisher/launch/stereo.launch.py
/home/deeric/belajar-ROS/ros2_ws/install/state_publisher/share/state_publisher/launch/demo.launch.py
/home/deeric/belajar-ROS/ros2_ws/install/state_publisher/share/state_publisher/r2d2.rviz
/home/deeric/belajar-ROS/ros2_ws/install/state_publisher/share/state_publisher/r2d2.urdf.xml
/home/deeric/belajar-ROS/ros2_ws/install/state_publisher/share/state_publisher/urdf
/home/deeric/belajar-ROS/ros2_ws/install/state_publisher/lib/python3.10/site-packages/state_publisher-0.0.0-py3.10.egg-info/PKG-INFO
/home/deeric/belajar-ROS/ros2_ws/install/state_publisher/lib/python3.10/site-packages/state_publisher-0.0.0-py3.10.egg-info/dependency_links.txt
/home/deeric/belajar-ROS/ros2_ws/install/state_publisher/lib/python3.10/site-packages/state_publisher-0.0.0-py3.10.egg-info/zip-safe
/home/deeric/belajar-ROS/ros2_ws/install/state_publisher/lib/python3.10/site-packages/state_publisher-0.0.0-py3.10.egg-info/SOURCES.txt
/home/deeric/belajar-ROS/ros2_ws/install/state_publisher/lib/python3.10/site-packages/state_publisher-0.0.0-py3.10.egg-info/entry_points.txt
/home/deeric/belajar-ROS/ros2_ws/install/state_publisher/lib/python3.10/site-packages/state_publisher-0.0.0-py3.10.egg-info/top_level.txt
/home/deeric/belajar-ROS/ros2_ws/install/state_publisher/lib/python3.10/site-packages/state_publisher-0.0.0-py3.10.egg-info/requires.txt
/home/deeric/belajar-ROS/ros2_ws/install/state_publisher/lib/state_publisher/state_publisher
