[0.009s] Invoking command in '/home/deeric/belajar-ROS/ros2_ws/build/px4_ros_com': CMAKE_PREFIX_PATH=/home/deeric/belajar-ROS/ros2_ws/install/px4_msgs:/home/deeric/belajar-ROS/ros2_ws/install/px4_ros_com:/home/deeric/belajar-ROS/ros2_ws/install/stereoCam:/home/deeric/belajar-ROS/ros2_ws/install/stereo-cam:/home/deeric/belajar-ROS/Decawave-ros-data-sim/install/locator:/opt/ros/humble LD_LIBRARY_PATH=/home/deeric/belajar-ROS/ros2_ws/install/px4_msgs/lib:/home/deeric/belajar-ROS/ros2_ws/install/px4_ros_com/lib:/usr/lib/x86_64-linux-gnu/gazebo-11/plugins:/opt/ros/humble/opt/rviz_ogre_vendor/lib:/opt/ros/humble/lib/x86_64-linux-gnu:/opt/ros/humble/lib:/usr/lib/x86_64-linux-gnu/gazebo-11/plugins PS1=[\u\]$ /usr/bin/cmake /home/deeric/belajar-ROS/ros2_ws/src/px4_ros_com -DCMAKE_INSTALL_PREFIX=/home/deeric/belajar-ROS/ros2_ws/install/px4_ros_com
[0.057s] -- The C compiler identification is GNU 11.4.0
[0.101s] -- The CXX compiler identification is GNU 11.4.0
[0.107s] -- Detecting C compiler ABI info
[0.158s] -- Detecting C compiler ABI info - done
[0.163s] -- Check for working C compiler: /usr/bin/cc - skipped
[0.164s] -- Detecting C compile features
[0.164s] -- Detecting C compile features - done
[0.166s] -- Detecting CXX compiler ABI info
[0.226s] -- Detecting CXX compiler ABI info - done
[0.234s] -- Check for working CXX compiler: /usr/bin/c++ - skipped
[0.234s] -- Detecting CXX compile features
[0.234s] -- Detecting CXX compile features - done
[0.235s] -- Found ament_cmake: 1.3.11 (/opt/ros/humble/share/ament_cmake/cmake)
[0.351s] -- Found Python3: /usr/bin/python3 (found version "3.10.12") found components: Interpreter 
[0.414s] -- Found builtin_interfaces: 1.2.1 (/opt/ros/humble/share/builtin_interfaces/cmake)
[0.437s] -- Found rosidl_generator_c: 3.1.6 (/opt/ros/humble/share/rosidl_generator_c/cmake)
[0.439s] -- Found rosidl_adapter: 3.1.6 (/opt/ros/humble/share/rosidl_adapter/cmake)
[0.444s] -- Found rosidl_generator_cpp: 3.1.6 (/opt/ros/humble/share/rosidl_generator_cpp/cmake)
[0.451s] -- Using all available rosidl_typesupport_c: rosidl_typesupport_fastrtps_c;rosidl_typesupport_introspection_c
[0.461s] -- Using all available rosidl_typesupport_cpp: rosidl_typesupport_fastrtps_cpp;rosidl_typesupport_introspection_cpp
[0.470s] -- Found eigen3_cmake_module: 0.1.1 (/opt/ros/humble/share/eigen3_cmake_module/cmake)
[0.481s] -- Found Eigen3: TRUE (found version "3.4.0") 
[0.482s] -- Found geometry_msgs: 4.9.0 (/opt/ros/humble/share/geometry_msgs/cmake)
[0.502s] -- Found px4_msgs: 2.0.1 (/home/deeric/belajar-ROS/ros2_ws/install/px4_msgs/share/px4_msgs/cmake)
[0.510s] -- Found rclcpp: 16.0.12 (/opt/ros/humble/share/rclcpp/cmake)
[0.537s] -- Found rmw_implementation_cmake: 6.1.2 (/opt/ros/humble/share/rmw_implementation_cmake/cmake)
[0.539s] -- Found rmw_fastrtps_cpp: 6.2.7 (/opt/ros/humble/share/rmw_fastrtps_cpp/cmake)
[0.618s] -- Found OpenSSL: /usr/lib/x86_64-linux-gnu/libcrypto.so (found version "3.0.2")  
[0.647s] -- Found FastRTPS: /opt/ros/humble/include  
[0.689s] -- Using RMW implementation 'rmw_fastrtps_cpp' as default
[0.696s] -- Looking for pthread.h
[0.753s] -- Looking for pthread.h - found
[0.753s] -- Performing Test CMAKE_HAVE_LIBC_PTHREAD
[0.810s] -- Performing Test CMAKE_HAVE_LIBC_PTHREAD - Success
[0.811s] -- Found Threads: TRUE  
[0.842s] -- Found sensor_msgs: 4.9.0 (/opt/ros/humble/share/sensor_msgs/cmake)
[0.854s] -- Found rclpy: 3.3.16 (/opt/ros/humble/share/rclpy/cmake)
[0.859s] -- Found ament_lint_auto: 0.12.12 (/opt/ros/humble/share/ament_lint_auto/cmake)
[0.926s] -- Added test 'copyright' to check source files copyright and LICENSE
[0.928s] -- Added test 'cppcheck' to perform static code analysis on C / C++ code
[0.929s] -- Configured cppcheck include dirs: /home/deeric/belajar-ROS/ros2_ws/src/px4_ros_com/include;$<BUILD_INTERFACE:/home/deeric/belajar-ROS/ros2_ws/src/px4_ros_com/include/px4_ros_com>
[0.929s] -- Configured cppcheck exclude dirs and/or files: 
[0.931s] -- Added test 'cpplint' to check C / C++ code against the Google style
[0.931s] -- Configured cpplint exclude dirs and/or files: 
[0.931s] -- Added test 'flake8' to check Python code syntax and style conventions
[0.932s] -- Added test 'lint_cmake' to check CMake code style
[0.933s] -- Added test 'pep257' to check Python code against some of the docstring style conventions in PEP 257
[0.935s] -- Added test 'uncrustify' to check C / C++ code style
[0.935s] -- Configured uncrustify additional arguments: 
[0.935s] -- Added test 'xmllint' to check XML markup files
[0.936s] -- Configuring done
[0.950s] -- Generating done
[0.956s] -- Build files have been written to: /home/deeric/belajar-ROS/ros2_ws/build/px4_ros_com
[0.965s] Invoked command in '/home/deeric/belajar-ROS/ros2_ws/build/px4_ros_com' returned '0': CMAKE_PREFIX_PATH=/home/deeric/belajar-ROS/ros2_ws/install/px4_msgs:/home/deeric/belajar-ROS/ros2_ws/install/px4_ros_com:/home/deeric/belajar-ROS/ros2_ws/install/stereoCam:/home/deeric/belajar-ROS/ros2_ws/install/stereo-cam:/home/deeric/belajar-ROS/Decawave-ros-data-sim/install/locator:/opt/ros/humble LD_LIBRARY_PATH=/home/deeric/belajar-ROS/ros2_ws/install/px4_msgs/lib:/home/deeric/belajar-ROS/ros2_ws/install/px4_ros_com/lib:/usr/lib/x86_64-linux-gnu/gazebo-11/plugins:/opt/ros/humble/opt/rviz_ogre_vendor/lib:/opt/ros/humble/lib/x86_64-linux-gnu:/opt/ros/humble/lib:/usr/lib/x86_64-linux-gnu/gazebo-11/plugins PS1=[\u\]$ /usr/bin/cmake /home/deeric/belajar-ROS/ros2_ws/src/px4_ros_com -DCMAKE_INSTALL_PREFIX=/home/deeric/belajar-ROS/ros2_ws/install/px4_ros_com
[0.965s] Invoking command in '/home/deeric/belajar-ROS/ros2_ws/build/px4_ros_com': CMAKE_PREFIX_PATH=/home/deeric/belajar-ROS/ros2_ws/install/px4_msgs:/home/deeric/belajar-ROS/ros2_ws/install/px4_ros_com:/home/deeric/belajar-ROS/ros2_ws/install/stereoCam:/home/deeric/belajar-ROS/ros2_ws/install/stereo-cam:/home/deeric/belajar-ROS/Decawave-ros-data-sim/install/locator:/opt/ros/humble LD_LIBRARY_PATH=/home/deeric/belajar-ROS/ros2_ws/install/px4_msgs/lib:/home/deeric/belajar-ROS/ros2_ws/install/px4_ros_com/lib:/usr/lib/x86_64-linux-gnu/gazebo-11/plugins:/opt/ros/humble/opt/rviz_ogre_vendor/lib:/opt/ros/humble/lib/x86_64-linux-gnu:/opt/ros/humble/lib:/usr/lib/x86_64-linux-gnu/gazebo-11/plugins PS1=[\u\]$ /usr/bin/cmake --build /home/deeric/belajar-ROS/ros2_ws/build/px4_ros_com -- -j12 -l12
[1.005s] [  8%] [32mBuilding CXX object CMakeFiles/frame_transforms.dir/src/lib/frame_transforms.cpp.o[0m
[1.007s] [ 16%] [32mBuilding CXX object CMakeFiles/offboard_control.dir/src/examples/offboard/offboard_control.cpp.o[0m
[1.008s] [ 25%] [32mBuilding CXX object CMakeFiles/debug_vect_advertiser.dir/src/examples/advertisers/debug_vect_advertiser.cpp.o[0m
[1.009s] [ 33%] [32mBuilding CXX object CMakeFiles/sensor_combined_listener.dir/src/examples/listeners/sensor_combined_listener.cpp.o[0m
[1.009s] [ 41%] [32mBuilding CXX object CMakeFiles/vehicle_gps_position_listener.dir/src/examples/listeners/vehicle_gps_position_listener.cpp.o[0m
[1.012s] [ 50%] [32mBuilding CXX object CMakeFiles/offboard_control_srv.dir/src/examples/offboard/offboard_control_srv.cpp.o[0m
[1.017s] [ 50%] Built target ament_cmake_python_copy_px4_ros_com
[1.171s] running egg_info
[1.171s] creating px4_ros_com.egg-info
[1.171s] writing px4_ros_com.egg-info/PKG-INFO
[1.171s] writing dependency_links to px4_ros_com.egg-info/dependency_links.txt
[1.171s] writing top-level names to px4_ros_com.egg-info/top_level.txt
[1.171s] writing manifest file 'px4_ros_com.egg-info/SOURCES.txt'
[1.173s] reading manifest file 'px4_ros_com.egg-info/SOURCES.txt'
[1.173s] writing manifest file 'px4_ros_com.egg-info/SOURCES.txt'
[1.195s] [ 50%] Built target ament_cmake_python_build_px4_ros_com_egg
[5.587s] [ 58%] [32m[1mLinking CXX executable debug_vect_advertiser[0m
[5.776s] [ 66%] [32m[1mLinking CXX executable offboard_control[0m
[5.883s] [ 66%] Built target debug_vect_advertiser
[6.044s] [ 75%] [32m[1mLinking CXX executable offboard_control_srv[0m
[6.068s] [ 75%] Built target offboard_control
[6.325s] [ 75%] Built target offboard_control_srv
[7.969s] [ 83%] [32m[1mLinking CXX executable sensor_combined_listener[0m
[8.259s] [ 83%] Built target sensor_combined_listener
[8.271s] [ 91%] [32m[1mLinking CXX shared library libframe_transforms.so[0m
[8.483s] [ 91%] Built target frame_transforms
[9.223s] [100%] [32m[1mLinking CXX executable vehicle_gps_position_listener[0m
[9.449s] [100%] Built target vehicle_gps_position_listener
[9.459s] Invoked command in '/home/deeric/belajar-ROS/ros2_ws/build/px4_ros_com' returned '0': CMAKE_PREFIX_PATH=/home/deeric/belajar-ROS/ros2_ws/install/px4_msgs:/home/deeric/belajar-ROS/ros2_ws/install/px4_ros_com:/home/deeric/belajar-ROS/ros2_ws/install/stereoCam:/home/deeric/belajar-ROS/ros2_ws/install/stereo-cam:/home/deeric/belajar-ROS/Decawave-ros-data-sim/install/locator:/opt/ros/humble LD_LIBRARY_PATH=/home/deeric/belajar-ROS/ros2_ws/install/px4_msgs/lib:/home/deeric/belajar-ROS/ros2_ws/install/px4_ros_com/lib:/usr/lib/x86_64-linux-gnu/gazebo-11/plugins:/opt/ros/humble/opt/rviz_ogre_vendor/lib:/opt/ros/humble/lib/x86_64-linux-gnu:/opt/ros/humble/lib:/usr/lib/x86_64-linux-gnu/gazebo-11/plugins PS1=[\u\]$ /usr/bin/cmake --build /home/deeric/belajar-ROS/ros2_ws/build/px4_ros_com -- -j12 -l12
[9.460s] Invoking command in '/home/deeric/belajar-ROS/ros2_ws/build/px4_ros_com': CMAKE_PREFIX_PATH=/home/deeric/belajar-ROS/ros2_ws/install/px4_msgs:/home/deeric/belajar-ROS/ros2_ws/install/px4_ros_com:/home/deeric/belajar-ROS/ros2_ws/install/stereoCam:/home/deeric/belajar-ROS/ros2_ws/install/stereo-cam:/home/deeric/belajar-ROS/Decawave-ros-data-sim/install/locator:/opt/ros/humble LD_LIBRARY_PATH=/home/deeric/belajar-ROS/ros2_ws/install/px4_msgs/lib:/home/deeric/belajar-ROS/ros2_ws/install/px4_ros_com/lib:/usr/lib/x86_64-linux-gnu/gazebo-11/plugins:/opt/ros/humble/opt/rviz_ogre_vendor/lib:/opt/ros/humble/lib/x86_64-linux-gnu:/opt/ros/humble/lib:/usr/lib/x86_64-linux-gnu/gazebo-11/plugins PS1=[\u\]$ /usr/bin/cmake --install /home/deeric/belajar-ROS/ros2_ws/build/px4_ros_com
[9.465s] -- Install configuration: ""
[9.465s] -- Installing: /home/deeric/belajar-ROS/ros2_ws/install/px4_ros_com/lib/px4_ros_com/sensor_combined_listener
[9.467s] -- Set runtime path of "/home/deeric/belajar-ROS/ros2_ws/install/px4_ros_com/lib/px4_ros_com/sensor_combined_listener" to ""
[9.467s] -- Installing: /home/deeric/belajar-ROS/ros2_ws/install/px4_ros_com/lib/px4_ros_com/vehicle_gps_position_listener
[9.468s] -- Set runtime path of "/home/deeric/belajar-ROS/ros2_ws/install/px4_ros_com/lib/px4_ros_com/vehicle_gps_position_listener" to ""
[9.468s] -- Installing: /home/deeric/belajar-ROS/ros2_ws/install/px4_ros_com/lib/px4_ros_com/debug_vect_advertiser
[9.469s] -- Set runtime path of "/home/deeric/belajar-ROS/ros2_ws/install/px4_ros_com/lib/px4_ros_com/debug_vect_advertiser" to ""
[9.469s] -- Installing: /home/deeric/belajar-ROS/ros2_ws/install/px4_ros_com/lib/px4_ros_com/offboard_control
[9.469s] -- Set runtime path of "/home/deeric/belajar-ROS/ros2_ws/install/px4_ros_com/lib/px4_ros_com/offboard_control" to ""
[9.469s] -- Installing: /home/deeric/belajar-ROS/ros2_ws/install/px4_ros_com/lib/px4_ros_com/offboard_control_srv
[9.470s] -- Set runtime path of "/home/deeric/belajar-ROS/ros2_ws/install/px4_ros_com/lib/px4_ros_com/offboard_control_srv" to ""
[9.470s] -- Installing: /home/deeric/belajar-ROS/ros2_ws/install/px4_ros_com/share/px4_ros_com/environment/library_path.sh
[9.470s] -- Installing: /home/deeric/belajar-ROS/ros2_ws/install/px4_ros_com/share/px4_ros_com/environment/library_path.dsv
[9.470s] -- Installing: /home/deeric/belajar-ROS/ros2_ws/install/px4_ros_com/include/px4_ros_com
[9.470s] -- Installing: /home/deeric/belajar-ROS/ros2_ws/install/px4_ros_com/include/px4_ros_com/frame_transforms.h
[9.470s] -- Installing: /home/deeric/belajar-ROS/ros2_ws/install/px4_ros_com/lib/libframe_transforms.so
[9.472s] -- Set runtime path of "/home/deeric/belajar-ROS/ros2_ws/install/px4_ros_com/lib/libframe_transforms.so" to ""
[9.472s] -- Installing: /home/deeric/belajar-ROS/ros2_ws/install/px4_ros_com/share/px4_ros_com//launch
[9.472s] -- Installing: /home/deeric/belajar-ROS/ros2_ws/install/px4_ros_com/share/px4_ros_com//launch/offboard_control_launch.yaml
[9.472s] -- Installing: /home/deeric/belajar-ROS/ros2_ws/install/px4_ros_com/share/px4_ros_com//launch/sensor_combined_listener.launch.py
[9.472s] -- Installing: /home/deeric/belajar-ROS/ros2_ws/install/px4_ros_com/share/px4_ros_com//test
[9.472s] -- Installing: /home/deeric/belajar-ROS/ros2_ws/install/px4_ros_com/share/px4_ros_com//test/pipeline_io_test.py
[9.472s] -- Installing: /home/deeric/belajar-ROS/ros2_ws/install/px4_ros_com/share/px4_ros_com//test/__init__.py
[9.472s] -- Installing: /home/deeric/belajar-ROS/ros2_ws/install/px4_ros_com/share/px4_ros_com//test/test_input.py
[9.472s] -- Installing: /home/deeric/belajar-ROS/ros2_ws/install/px4_ros_com/share/px4_ros_com//test/test_output.py
[9.473s] -- Installing: /home/deeric/belajar-ROS/ros2_ws/install/px4_ros_com/share/px4_ros_com/environment/pythonpath.sh
[9.473s] -- Installing: /home/deeric/belajar-ROS/ros2_ws/install/px4_ros_com/share/px4_ros_com/environment/pythonpath.dsv
[9.473s] -- Installing: /home/deeric/belajar-ROS/ros2_ws/install/px4_ros_com/local/lib/python3.10/dist-packages/px4_ros_com-0.1.0-py3.10.egg-info
[9.473s] -- Installing: /home/deeric/belajar-ROS/ros2_ws/install/px4_ros_com/local/lib/python3.10/dist-packages/px4_ros_com-0.1.0-py3.10.egg-info/PKG-INFO
[9.473s] -- Installing: /home/deeric/belajar-ROS/ros2_ws/install/px4_ros_com/local/lib/python3.10/dist-packages/px4_ros_com-0.1.0-py3.10.egg-info/dependency_links.txt
[9.473s] -- Installing: /home/deeric/belajar-ROS/ros2_ws/install/px4_ros_com/local/lib/python3.10/dist-packages/px4_ros_com-0.1.0-py3.10.egg-info/SOURCES.txt
[9.473s] -- Installing: /home/deeric/belajar-ROS/ros2_ws/install/px4_ros_com/local/lib/python3.10/dist-packages/px4_ros_com-0.1.0-py3.10.egg-info/top_level.txt
[9.473s] -- Installing: /home/deeric/belajar-ROS/ros2_ws/install/px4_ros_com/local/lib/python3.10/dist-packages/px4_ros_com
[9.473s] -- Installing: /home/deeric/belajar-ROS/ros2_ws/install/px4_ros_com/local/lib/python3.10/dist-packages/px4_ros_com/module_to_import.py
[9.473s] -- Installing: /home/deeric/belajar-ROS/ros2_ws/install/px4_ros_com/local/lib/python3.10/dist-packages/px4_ros_com/__init__.py
[9.502s] Listing '/home/deeric/belajar-ROS/ros2_ws/install/px4_ros_com/local/lib/python3.10/dist-packages/px4_ros_com'...
[9.502s] Compiling '/home/deeric/belajar-ROS/ros2_ws/install/px4_ros_com/local/lib/python3.10/dist-packages/px4_ros_com/__init__.py'...
[9.502s] Compiling '/home/deeric/belajar-ROS/ros2_ws/install/px4_ros_com/local/lib/python3.10/dist-packages/px4_ros_com/module_to_import.py'...
[9.505s] -- Installing: /home/deeric/belajar-ROS/ros2_ws/install/px4_ros_com/lib/px4_ros_com/offboard_control.py
[9.506s] -- Installing: /home/deeric/belajar-ROS/ros2_ws/install/px4_ros_com/share/ament_index/resource_index/package_run_dependencies/px4_ros_com
[9.506s] -- Installing: /home/deeric/belajar-ROS/ros2_ws/install/px4_ros_com/share/ament_index/resource_index/parent_prefix_path/px4_ros_com
[9.506s] -- Installing: /home/deeric/belajar-ROS/ros2_ws/install/px4_ros_com/share/px4_ros_com/environment/ament_prefix_path.sh
[9.506s] -- Installing: /home/deeric/belajar-ROS/ros2_ws/install/px4_ros_com/share/px4_ros_com/environment/ament_prefix_path.dsv
[9.506s] -- Installing: /home/deeric/belajar-ROS/ros2_ws/install/px4_ros_com/share/px4_ros_com/environment/path.sh
[9.506s] -- Installing: /home/deeric/belajar-ROS/ros2_ws/install/px4_ros_com/share/px4_ros_com/environment/path.dsv
[9.506s] -- Installing: /home/deeric/belajar-ROS/ros2_ws/install/px4_ros_com/share/px4_ros_com/local_setup.bash
[9.506s] -- Installing: /home/deeric/belajar-ROS/ros2_ws/install/px4_ros_com/share/px4_ros_com/local_setup.sh
[9.506s] -- Installing: /home/deeric/belajar-ROS/ros2_ws/install/px4_ros_com/share/px4_ros_com/local_setup.zsh
[9.506s] -- Installing: /home/deeric/belajar-ROS/ros2_ws/install/px4_ros_com/share/px4_ros_com/local_setup.dsv
[9.506s] -- Installing: /home/deeric/belajar-ROS/ros2_ws/install/px4_ros_com/share/px4_ros_com/package.dsv
[9.506s] -- Installing: /home/deeric/belajar-ROS/ros2_ws/install/px4_ros_com/share/ament_index/resource_index/packages/px4_ros_com
[9.507s] -- Installing: /home/deeric/belajar-ROS/ros2_ws/install/px4_ros_com/share/px4_ros_com/cmake/export_frame_transformsExport.cmake
[9.507s] -- Installing: /home/deeric/belajar-ROS/ros2_ws/install/px4_ros_com/share/px4_ros_com/cmake/export_frame_transformsExport-noconfig.cmake
[9.507s] -- Installing: /home/deeric/belajar-ROS/ros2_ws/install/px4_ros_com/share/px4_ros_com/cmake/ament_cmake_export_dependencies-extras.cmake
[9.507s] -- Installing: /home/deeric/belajar-ROS/ros2_ws/install/px4_ros_com/share/px4_ros_com/cmake/ament_cmake_export_targets-extras.cmake
[9.507s] -- Installing: /home/deeric/belajar-ROS/ros2_ws/install/px4_ros_com/share/px4_ros_com/cmake/ament_cmake_export_include_directories-extras.cmake
[9.507s] -- Installing: /home/deeric/belajar-ROS/ros2_ws/install/px4_ros_com/share/px4_ros_com/cmake/ament_cmake_export_libraries-extras.cmake
[9.507s] -- Installing: /home/deeric/belajar-ROS/ros2_ws/install/px4_ros_com/share/px4_ros_com/cmake/px4_ros_comConfig.cmake
[9.507s] -- Installing: /home/deeric/belajar-ROS/ros2_ws/install/px4_ros_com/share/px4_ros_com/cmake/px4_ros_comConfig-version.cmake
[9.507s] -- Installing: /home/deeric/belajar-ROS/ros2_ws/install/px4_ros_com/share/px4_ros_com/package.xml
[9.509s] Invoked command in '/home/deeric/belajar-ROS/ros2_ws/build/px4_ros_com' returned '0': CMAKE_PREFIX_PATH=/home/deeric/belajar-ROS/ros2_ws/install/px4_msgs:/home/deeric/belajar-ROS/ros2_ws/install/px4_ros_com:/home/deeric/belajar-ROS/ros2_ws/install/stereoCam:/home/deeric/belajar-ROS/ros2_ws/install/stereo-cam:/home/deeric/belajar-ROS/Decawave-ros-data-sim/install/locator:/opt/ros/humble LD_LIBRARY_PATH=/home/deeric/belajar-ROS/ros2_ws/install/px4_msgs/lib:/home/deeric/belajar-ROS/ros2_ws/install/px4_ros_com/lib:/usr/lib/x86_64-linux-gnu/gazebo-11/plugins:/opt/ros/humble/opt/rviz_ogre_vendor/lib:/opt/ros/humble/lib/x86_64-linux-gnu:/opt/ros/humble/lib:/usr/lib/x86_64-linux-gnu/gazebo-11/plugins PS1=[\u\]$ /usr/bin/cmake --install /home/deeric/belajar-ROS/ros2_ws/build/px4_ros_com
