[0.063s] DEBUG:colcon:Command line arguments: ['/usr/bin/colcon', 'build']
[0.063s] DEBUG:colcon:Parsed command line arguments: Namespace(log_base=None, log_level=None, verb_name='build', build_base='build', install_base='install', merge_install=False, symlink_install=False, test_result_base=None, continue_on_error=False, executor='parallel', parallel_workers=12, event_handlers=None, ignore_user_meta=False, metas=['./colcon.meta'], base_paths=['.'], packages_ignore=None, packages_ignore_regex=None, paths=None, packages_up_to=None, packages_up_to_regex=None, packages_above=None, packages_above_and_dependencies=None, packages_above_depth=None, packages_select_by_dep=None, packages_skip_by_dep=None, packages_skip_up_to=None, packages_select_build_failed=False, packages_skip_build_finished=False, packages_select_test_failures=False, packages_skip_test_passed=False, packages_select=None, packages_skip=None, packages_select_regex=None, packages_skip_regex=None, packages_start=None, packages_end=None, allow_overriding=[], cmake_args=None, cmake_target=None, cmake_target_skip_unavailable=False, cmake_clean_cache=False, cmake_clean_first=False, cmake_force_configure=False, ament_cmake_args=None, catkin_cmake_args=None, catkin_skip_building_tests=False, mixin_files=None, mixin=None, verb_parser=<colcon_mixin.mixin.mixin_argument.MixinArgumentDecorator object at 0x7a5fe8f4f2b0>, verb_extension=<colcon_core.verb.build.BuildVerb object at 0x7a5fe8f4ed40>, main=<bound method BuildVerb.main of <colcon_core.verb.build.BuildVerb object at 0x7a5fe8f4ed40>>, mixin_verb=('build',))
[0.152s] Level 1:colcon.colcon_core.package_discovery:discover_packages(colcon_meta) check parameters
[0.152s] Level 1:colcon.colcon_core.package_discovery:discover_packages(recursive) check parameters
[0.152s] Level 1:colcon.colcon_core.package_discovery:discover_packages(ignore) check parameters
[0.152s] Level 1:colcon.colcon_core.package_discovery:discover_packages(path) check parameters
[0.152s] Level 1:colcon.colcon_core.package_discovery:discover_packages(colcon_meta) discover
[0.152s] Level 1:colcon.colcon_core.package_discovery:discover_packages(recursive) discover
[0.152s] INFO:colcon.colcon_core.package_discovery:Crawling recursively for packages in '/home/deeric/belajar-ROS/ros2_ws'
[0.152s] Level 1:colcon.colcon_core.package_identification:_identify(.) by extensions ['ignore', 'ignore_ament_install']
[0.152s] Level 1:colcon.colcon_core.package_identification:_identify(.) by extension 'ignore'
[0.152s] Level 1:colcon.colcon_core.package_identification:_identify(.) by extension 'ignore_ament_install'
[0.152s] Level 1:colcon.colcon_core.package_identification:_identify(.) by extensions ['colcon_pkg']
[0.152s] Level 1:colcon.colcon_core.package_identification:_identify(.) by extension 'colcon_pkg'
[0.152s] Level 1:colcon.colcon_core.package_identification:_identify(.) by extensions ['colcon_meta']
[0.152s] Level 1:colcon.colcon_core.package_identification:_identify(.) by extension 'colcon_meta'
[0.152s] Level 1:colcon.colcon_core.package_identification:_identify(.) by extensions ['ros']
[0.152s] Level 1:colcon.colcon_core.package_identification:_identify(.) by extension 'ros'
[0.159s] Level 1:colcon.colcon_core.package_identification:_identify(.) by extensions ['cmake', 'python']
[0.159s] Level 1:colcon.colcon_core.package_identification:_identify(.) by extension 'cmake'
[0.159s] Level 1:colcon.colcon_core.package_identification:_identify(.) by extension 'python'
[0.159s] Level 1:colcon.colcon_core.package_identification:_identify(.) by extensions ['python_setup_py']
[0.159s] Level 1:colcon.colcon_core.package_identification:_identify(.) by extension 'python_setup_py'
[0.159s] Level 1:colcon.colcon_core.package_identification:_identify(build) by extensions ['ignore', 'ignore_ament_install']
[0.159s] Level 1:colcon.colcon_core.package_identification:_identify(build) by extension 'ignore'
[0.159s] Level 1:colcon.colcon_core.package_identification:_identify(build) ignored
[0.159s] Level 1:colcon.colcon_core.package_identification:_identify(install) by extensions ['ignore', 'ignore_ament_install']
[0.159s] Level 1:colcon.colcon_core.package_identification:_identify(install) by extension 'ignore'
[0.159s] Level 1:colcon.colcon_core.package_identification:_identify(install) ignored
[0.159s] Level 1:colcon.colcon_core.package_identification:_identify(log) by extensions ['ignore', 'ignore_ament_install']
[0.160s] Level 1:colcon.colcon_core.package_identification:_identify(log) by extension 'ignore'
[0.160s] Level 1:colcon.colcon_core.package_identification:_identify(log) ignored
[0.160s] Level 1:colcon.colcon_core.package_identification:_identify(src) by extensions ['ignore', 'ignore_ament_install']
[0.160s] Level 1:colcon.colcon_core.package_identification:_identify(src) by extension 'ignore'
[0.160s] Level 1:colcon.colcon_core.package_identification:_identify(src) by extension 'ignore_ament_install'
[0.160s] Level 1:colcon.colcon_core.package_identification:_identify(src) by extensions ['colcon_pkg']
[0.160s] Level 1:colcon.colcon_core.package_identification:_identify(src) by extension 'colcon_pkg'
[0.160s] Level 1:colcon.colcon_core.package_identification:_identify(src) by extensions ['colcon_meta']
[0.160s] Level 1:colcon.colcon_core.package_identification:_identify(src) by extension 'colcon_meta'
[0.160s] Level 1:colcon.colcon_core.package_identification:_identify(src) by extensions ['ros']
[0.160s] Level 1:colcon.colcon_core.package_identification:_identify(src) by extension 'ros'
[0.160s] Level 1:colcon.colcon_core.package_identification:_identify(src) by extensions ['cmake', 'python']
[0.160s] Level 1:colcon.colcon_core.package_identification:_identify(src) by extension 'cmake'
[0.160s] Level 1:colcon.colcon_core.package_identification:_identify(src) by extension 'python'
[0.160s] Level 1:colcon.colcon_core.package_identification:_identify(src) by extensions ['python_setup_py']
[0.160s] Level 1:colcon.colcon_core.package_identification:_identify(src) by extension 'python_setup_py'
[0.160s] Level 1:colcon.colcon_core.package_identification:_identify(src/px4_msgs) by extensions ['ignore', 'ignore_ament_install']
[0.160s] Level 1:colcon.colcon_core.package_identification:_identify(src/px4_msgs) by extension 'ignore'
[0.160s] Level 1:colcon.colcon_core.package_identification:_identify(src/px4_msgs) by extension 'ignore_ament_install'
[0.160s] Level 1:colcon.colcon_core.package_identification:_identify(src/px4_msgs) by extensions ['colcon_pkg']
[0.160s] Level 1:colcon.colcon_core.package_identification:_identify(src/px4_msgs) by extension 'colcon_pkg'
[0.160s] Level 1:colcon.colcon_core.package_identification:_identify(src/px4_msgs) by extensions ['colcon_meta']
[0.160s] Level 1:colcon.colcon_core.package_identification:_identify(src/px4_msgs) by extension 'colcon_meta'
[0.160s] Level 1:colcon.colcon_core.package_identification:_identify(src/px4_msgs) by extensions ['ros']
[0.160s] Level 1:colcon.colcon_core.package_identification:_identify(src/px4_msgs) by extension 'ros'
[0.162s] DEBUG:colcon.colcon_core.package_identification:Package 'src/px4_msgs' with type 'ros.ament_cmake' and name 'px4_msgs'
[0.162s] Level 1:colcon.colcon_core.package_identification:_identify(src/px4_ros_com) by extensions ['ignore', 'ignore_ament_install']
[0.162s] Level 1:colcon.colcon_core.package_identification:_identify(src/px4_ros_com) by extension 'ignore'
[0.162s] Level 1:colcon.colcon_core.package_identification:_identify(src/px4_ros_com) by extension 'ignore_ament_install'
[0.162s] Level 1:colcon.colcon_core.package_identification:_identify(src/px4_ros_com) by extensions ['colcon_pkg']
[0.162s] Level 1:colcon.colcon_core.package_identification:_identify(src/px4_ros_com) by extension 'colcon_pkg'
[0.162s] Level 1:colcon.colcon_core.package_identification:_identify(src/px4_ros_com) by extensions ['colcon_meta']
[0.162s] Level 1:colcon.colcon_core.package_identification:_identify(src/px4_ros_com) by extension 'colcon_meta'
[0.162s] Level 1:colcon.colcon_core.package_identification:_identify(src/px4_ros_com) by extensions ['ros']
[0.162s] Level 1:colcon.colcon_core.package_identification:_identify(src/px4_ros_com) by extension 'ros'
[0.163s] DEBUG:colcon.colcon_core.package_identification:Package 'src/px4_ros_com' with type 'ros.ament_cmake' and name 'px4_ros_com'
[0.163s] Level 1:colcon.colcon_core.package_identification:_identify(src/stereoCam) by extensions ['ignore', 'ignore_ament_install']
[0.163s] Level 1:colcon.colcon_core.package_identification:_identify(src/stereoCam) by extension 'ignore'
[0.163s] Level 1:colcon.colcon_core.package_identification:_identify(src/stereoCam) by extension 'ignore_ament_install'
[0.163s] Level 1:colcon.colcon_core.package_identification:_identify(src/stereoCam) by extensions ['colcon_pkg']
[0.163s] Level 1:colcon.colcon_core.package_identification:_identify(src/stereoCam) by extension 'colcon_pkg'
[0.163s] Level 1:colcon.colcon_core.package_identification:_identify(src/stereoCam) by extensions ['colcon_meta']
[0.163s] Level 1:colcon.colcon_core.package_identification:_identify(src/stereoCam) by extension 'colcon_meta'
[0.163s] Level 1:colcon.colcon_core.package_identification:_identify(src/stereoCam) by extensions ['ros']
[0.163s] Level 1:colcon.colcon_core.package_identification:_identify(src/stereoCam) by extension 'ros'
[0.163s] DEBUG:colcon.colcon_core.package_identification:Package 'src/stereoCam' with type 'ros.ament_python' and name 'stereoCam'
[0.163s] Level 1:colcon.colcon_core.package_discovery:discover_packages(recursive) using defaults
[0.163s] Level 1:colcon.colcon_core.package_discovery:discover_packages(ignore) discover
[0.163s] Level 1:colcon.colcon_core.package_discovery:discover_packages(ignore) using defaults
[0.163s] Level 1:colcon.colcon_core.package_discovery:discover_packages(path) discover
[0.163s] Level 1:colcon.colcon_core.package_discovery:discover_packages(path) using defaults
[0.184s] Level 1:colcon.colcon_core.package_discovery:discover_packages(prefix_path) check parameters
[0.184s] Level 1:colcon.colcon_core.package_discovery:discover_packages(prefix_path) discover
[0.185s] WARNING:colcon.colcon_ros.prefix_path.ament:The path '/home/deeric/belajar-ROS/ros2_ws/install/stereoCam' in the environment variable AMENT_PREFIX_PATH doesn't exist
[0.185s] WARNING:colcon.colcon_ros.prefix_path.ament:The path '/home/deeric/belajar-ROS/ros2_ws/install/stereo-cam' in the environment variable AMENT_PREFIX_PATH doesn't exist
[0.185s] WARNING:colcon.colcon_ros.prefix_path.ament:The path '/home/deeric/belajar-ROS/ros2_ws/install/px4_ros_com' in the environment variable AMENT_PREFIX_PATH doesn't exist
[0.185s] WARNING:colcon.colcon_ros.prefix_path.ament:The path '/home/deeric/belajar-ROS/ros2_ws/install/px4_msgs' in the environment variable AMENT_PREFIX_PATH doesn't exist
[0.185s] WARNING:colcon.colcon_ros.prefix_path.catkin:The path '/home/deeric/belajar-ROS/ros2_ws/install/px4_ros_com' in the environment variable CMAKE_PREFIX_PATH doesn't exist
[0.185s] WARNING:colcon.colcon_ros.prefix_path.catkin:The path '/home/deeric/belajar-ROS/ros2_ws/install/px4_msgs' in the environment variable CMAKE_PREFIX_PATH doesn't exist
[0.185s] DEBUG:colcon.colcon_installed_package_information.package_discovery:Found 0 installed packages in /home/deeric/belajar-ROS/ros2_ws/install
[0.185s] DEBUG:colcon.colcon_installed_package_information.package_discovery:Found 1 installed packages in /home/deeric/belajar-ROS/Decawave-ros-data-sim/install
[0.186s] DEBUG:colcon.colcon_installed_package_information.package_discovery:Found 326 installed packages in /opt/ros/humble
[0.187s] Level 1:colcon.colcon_core.package_discovery:discover_packages(prefix_path) using defaults
[0.210s] Level 5:colcon.colcon_core.verb:set package 'px4_msgs' build argument 'cmake_args' from command line to 'None'
[0.210s] Level 5:colcon.colcon_core.verb:set package 'px4_msgs' build argument 'cmake_target' from command line to 'None'
[0.210s] Level 5:colcon.colcon_core.verb:set package 'px4_msgs' build argument 'cmake_target_skip_unavailable' from command line to 'False'
[0.210s] Level 5:colcon.colcon_core.verb:set package 'px4_msgs' build argument 'cmake_clean_cache' from command line to 'False'
[0.210s] Level 5:colcon.colcon_core.verb:set package 'px4_msgs' build argument 'cmake_clean_first' from command line to 'False'
[0.210s] Level 5:colcon.colcon_core.verb:set package 'px4_msgs' build argument 'cmake_force_configure' from command line to 'False'
[0.210s] Level 5:colcon.colcon_core.verb:set package 'px4_msgs' build argument 'ament_cmake_args' from command line to 'None'
[0.210s] Level 5:colcon.colcon_core.verb:set package 'px4_msgs' build argument 'catkin_cmake_args' from command line to 'None'
[0.210s] Level 5:colcon.colcon_core.verb:set package 'px4_msgs' build argument 'catkin_skip_building_tests' from command line to 'False'
[0.210s] DEBUG:colcon.colcon_core.verb:Building package 'px4_msgs' with the following arguments: {'ament_cmake_args': None, 'build_base': '/home/deeric/belajar-ROS/ros2_ws/build/px4_msgs', 'catkin_cmake_args': None, 'catkin_skip_building_tests': False, 'cmake_args': None, 'cmake_clean_cache': False, 'cmake_clean_first': False, 'cmake_force_configure': False, 'cmake_target': None, 'cmake_target_skip_unavailable': False, 'install_base': '/home/deeric/belajar-ROS/ros2_ws/install/px4_msgs', 'merge_install': False, 'path': '/home/deeric/belajar-ROS/ros2_ws/src/px4_msgs', 'symlink_install': False, 'test_result_base': None}
[0.211s] Level 5:colcon.colcon_core.verb:set package 'stereoCam' build argument 'cmake_args' from command line to 'None'
[0.211s] Level 5:colcon.colcon_core.verb:set package 'stereoCam' build argument 'cmake_target' from command line to 'None'
[0.211s] Level 5:colcon.colcon_core.verb:set package 'stereoCam' build argument 'cmake_target_skip_unavailable' from command line to 'False'
[0.211s] Level 5:colcon.colcon_core.verb:set package 'stereoCam' build argument 'cmake_clean_cache' from command line to 'False'
[0.211s] Level 5:colcon.colcon_core.verb:set package 'stereoCam' build argument 'cmake_clean_first' from command line to 'False'
[0.211s] Level 5:colcon.colcon_core.verb:set package 'stereoCam' build argument 'cmake_force_configure' from command line to 'False'
[0.211s] Level 5:colcon.colcon_core.verb:set package 'stereoCam' build argument 'ament_cmake_args' from command line to 'None'
[0.211s] Level 5:colcon.colcon_core.verb:set package 'stereoCam' build argument 'catkin_cmake_args' from command line to 'None'
[0.211s] Level 5:colcon.colcon_core.verb:set package 'stereoCam' build argument 'catkin_skip_building_tests' from command line to 'False'
[0.211s] DEBUG:colcon.colcon_core.verb:Building package 'stereoCam' with the following arguments: {'ament_cmake_args': None, 'build_base': '/home/deeric/belajar-ROS/ros2_ws/build/stereoCam', 'catkin_cmake_args': None, 'catkin_skip_building_tests': False, 'cmake_args': None, 'cmake_clean_cache': False, 'cmake_clean_first': False, 'cmake_force_configure': False, 'cmake_target': None, 'cmake_target_skip_unavailable': False, 'install_base': '/home/deeric/belajar-ROS/ros2_ws/install/stereoCam', 'merge_install': False, 'path': '/home/deeric/belajar-ROS/ros2_ws/src/stereoCam', 'symlink_install': False, 'test_result_base': None}
[0.211s] Level 5:colcon.colcon_core.verb:set package 'px4_ros_com' build argument 'cmake_args' from command line to 'None'
[0.211s] Level 5:colcon.colcon_core.verb:set package 'px4_ros_com' build argument 'cmake_target' from command line to 'None'
[0.211s] Level 5:colcon.colcon_core.verb:set package 'px4_ros_com' build argument 'cmake_target_skip_unavailable' from command line to 'False'
[0.211s] Level 5:colcon.colcon_core.verb:set package 'px4_ros_com' build argument 'cmake_clean_cache' from command line to 'False'
[0.211s] Level 5:colcon.colcon_core.verb:set package 'px4_ros_com' build argument 'cmake_clean_first' from command line to 'False'
[0.211s] Level 5:colcon.colcon_core.verb:set package 'px4_ros_com' build argument 'cmake_force_configure' from command line to 'False'
[0.211s] Level 5:colcon.colcon_core.verb:set package 'px4_ros_com' build argument 'ament_cmake_args' from command line to 'None'
[0.211s] Level 5:colcon.colcon_core.verb:set package 'px4_ros_com' build argument 'catkin_cmake_args' from command line to 'None'
[0.211s] Level 5:colcon.colcon_core.verb:set package 'px4_ros_com' build argument 'catkin_skip_building_tests' from command line to 'False'
[0.211s] DEBUG:colcon.colcon_core.verb:Building package 'px4_ros_com' with the following arguments: {'ament_cmake_args': None, 'build_base': '/home/deeric/belajar-ROS/ros2_ws/build/px4_ros_com', 'catkin_cmake_args': None, 'catkin_skip_building_tests': False, 'cmake_args': None, 'cmake_clean_cache': False, 'cmake_clean_first': False, 'cmake_force_configure': False, 'cmake_target': None, 'cmake_target_skip_unavailable': False, 'install_base': '/home/deeric/belajar-ROS/ros2_ws/install/px4_ros_com', 'merge_install': False, 'path': '/home/deeric/belajar-ROS/ros2_ws/src/px4_ros_com', 'symlink_install': False, 'test_result_base': None}
[0.211s] INFO:colcon.colcon_core.executor:Executing jobs using 'parallel' executor
[0.212s] DEBUG:colcon.colcon_parallel_executor.executor.parallel:run_until_complete
[0.212s] INFO:colcon.colcon_ros.task.ament_cmake.build:Building ROS package in '/home/deeric/belajar-ROS/ros2_ws/src/px4_msgs' with build type 'ament_cmake'
[0.212s] INFO:colcon.colcon_cmake.task.cmake.build:Building CMake package in '/home/deeric/belajar-ROS/ros2_ws/src/px4_msgs'
[0.214s] INFO:colcon.colcon_core.plugin_system:Skipping extension 'colcon_core.shell.bat': Not used on non-Windows systems
[0.214s] INFO:colcon.colcon_core.shell:Skip shell extension 'powershell' for command environment: Not usable outside of PowerShell
[0.214s] DEBUG:colcon.colcon_core.shell:Skip shell extension 'dsv' for command environment
[0.216s] INFO:colcon.colcon_ros.task.ament_python.build:Building ROS package in '/home/deeric/belajar-ROS/ros2_ws/src/stereoCam' with build type 'ament_python'
[0.216s] Level 1:colcon.colcon_core.shell:create_environment_hook('stereoCam', 'ament_prefix_path')
[0.217s] INFO:colcon.colcon_core.shell:Creating environment hook '/home/deeric/belajar-ROS/ros2_ws/install/stereoCam/share/stereoCam/hook/ament_prefix_path.ps1'
[0.217s] INFO:colcon.colcon_core.shell:Creating environment descriptor '/home/deeric/belajar-ROS/ros2_ws/install/stereoCam/share/stereoCam/hook/ament_prefix_path.dsv'
[0.217s] INFO:colcon.colcon_core.shell:Creating environment hook '/home/deeric/belajar-ROS/ros2_ws/install/stereoCam/share/stereoCam/hook/ament_prefix_path.sh'
[0.218s] INFO:colcon.colcon_core.shell:Skip shell extension 'powershell' for command environment: Not usable outside of PowerShell
[0.218s] DEBUG:colcon.colcon_core.shell:Skip shell extension 'dsv' for command environment
[0.223s] DEBUG:colcon.colcon_core.event_handler.log_command:Invoking command in '/home/deeric/belajar-ROS/ros2_ws/build/px4_msgs': CMAKE_PREFIX_PATH=${CMAKE_PREFIX_PATH}:/home/deeric/belajar-ROS/ros2_ws/install/stereoCam:/home/deeric/belajar-ROS/ros2_ws/install/stereo-cam:/home/deeric/belajar-ROS/Decawave-ros-data-sim/install/locator:/opt/ros/humble PS1=[\u\]$ /usr/bin/cmake /home/deeric/belajar-ROS/ros2_ws/src/px4_msgs -DCMAKE_INSTALL_PREFIX=/home/deeric/belajar-ROS/ros2_ws/install/px4_msgs
[0.372s] INFO:colcon.colcon_core.task.python.build:Building Python package in '/home/deeric/belajar-ROS/ros2_ws/src/stereoCam'
[0.372s] INFO:colcon.colcon_core.shell:Skip shell extension 'powershell' for command environment: Not usable outside of PowerShell
[0.372s] DEBUG:colcon.colcon_core.shell:Skip shell extension 'dsv' for command environment
[0.576s] DEBUG:colcon.colcon_core.event_handler.log_command:Invoking command in '/home/deeric/belajar-ROS/ros2_ws/src/stereoCam': PS1=[\u\]$ PYTHONPATH=/home/deeric/belajar-ROS/ros2_ws/build/stereoCam/prefix_override:/usr/lib/python3/dist-packages/colcon_core/task/python/colcon_distutils_commands:/home/deeric/belajar-ROS/ros2_ws/install/stereoCam/lib/python3.10/site-packages:${PYTHONPATH} /usr/bin/python3 -W ignore:setup.py install is deprecated -W ignore:easy_install command is deprecated setup.py egg_info --egg-base ../../build/stereoCam build --build-base /home/deeric/belajar-ROS/ros2_ws/build/stereoCam/build install --record /home/deeric/belajar-ROS/ros2_ws/build/stereoCam/install.log --single-version-externally-managed install_data
[0.753s] DEBUG:colcon.colcon_core.event_handler.log_command:Invoked command in '/home/deeric/belajar-ROS/ros2_ws/src/stereoCam' returned '0': PS1=[\u\]$ PYTHONPATH=/home/deeric/belajar-ROS/ros2_ws/build/stereoCam/prefix_override:/usr/lib/python3/dist-packages/colcon_core/task/python/colcon_distutils_commands:/home/deeric/belajar-ROS/ros2_ws/install/stereoCam/lib/python3.10/site-packages:${PYTHONPATH} /usr/bin/python3 -W ignore:setup.py install is deprecated -W ignore:easy_install command is deprecated setup.py egg_info --egg-base ../../build/stereoCam build --build-base /home/deeric/belajar-ROS/ros2_ws/build/stereoCam/build install --record /home/deeric/belajar-ROS/ros2_ws/build/stereoCam/install.log --single-version-externally-managed install_data
[0.754s] Level 1:colcon.colcon_core.environment:checking '/home/deeric/belajar-ROS/ros2_ws/install/stereoCam' for CMake module files
[0.754s] Level 1:colcon.colcon_core.environment:checking '/home/deeric/belajar-ROS/ros2_ws/install/stereoCam' for CMake config files
[0.754s] Level 1:colcon.colcon_core.environment:checking '/home/deeric/belajar-ROS/ros2_ws/install/stereoCam/lib'
[0.755s] Level 1:colcon.colcon_core.environment:checking '/home/deeric/belajar-ROS/ros2_ws/install/stereoCam/bin'
[0.755s] Level 1:colcon.colcon_core.environment:checking '/home/deeric/belajar-ROS/ros2_ws/install/stereoCam/lib/pkgconfig/stereoCam.pc'
[0.755s] Level 1:colcon.colcon_core.environment:checking '/home/deeric/belajar-ROS/ros2_ws/install/stereoCam/lib/python3.10/site-packages'
[0.755s] Level 1:colcon.colcon_core.shell:create_environment_hook('stereoCam', 'pythonpath')
[0.755s] INFO:colcon.colcon_core.shell:Creating environment hook '/home/deeric/belajar-ROS/ros2_ws/install/stereoCam/share/stereoCam/hook/pythonpath.ps1'
[0.755s] INFO:colcon.colcon_core.shell:Creating environment descriptor '/home/deeric/belajar-ROS/ros2_ws/install/stereoCam/share/stereoCam/hook/pythonpath.dsv'
[0.755s] INFO:colcon.colcon_core.shell:Creating environment hook '/home/deeric/belajar-ROS/ros2_ws/install/stereoCam/share/stereoCam/hook/pythonpath.sh'
[0.756s] Level 1:colcon.colcon_core.environment:checking '/home/deeric/belajar-ROS/ros2_ws/install/stereoCam/bin'
[0.756s] Level 1:colcon.colcon_core.environment:create_environment_scripts_only(stereoCam)
[0.756s] INFO:colcon.colcon_core.shell:Creating package script '/home/deeric/belajar-ROS/ros2_ws/install/stereoCam/share/stereoCam/package.ps1'
[0.756s] INFO:colcon.colcon_core.shell:Creating package descriptor '/home/deeric/belajar-ROS/ros2_ws/install/stereoCam/share/stereoCam/package.dsv'
[0.757s] INFO:colcon.colcon_core.shell:Creating package script '/home/deeric/belajar-ROS/ros2_ws/install/stereoCam/share/stereoCam/package.sh'
[0.757s] INFO:colcon.colcon_core.shell:Creating package script '/home/deeric/belajar-ROS/ros2_ws/install/stereoCam/share/stereoCam/package.bash'
[0.757s] INFO:colcon.colcon_core.shell:Creating package script '/home/deeric/belajar-ROS/ros2_ws/install/stereoCam/share/stereoCam/package.zsh'
[0.758s] Level 1:colcon.colcon_core.environment:create_file_with_runtime_dependencies(/home/deeric/belajar-ROS/ros2_ws/install/stereoCam/share/colcon-core/packages/stereoCam)
[2.591s] DEBUG:colcon.colcon_core.event_handler.log_command:Invoked command in '/home/deeric/belajar-ROS/ros2_ws/build/px4_msgs' returned '0': CMAKE_PREFIX_PATH=${CMAKE_PREFIX_PATH}:/home/deeric/belajar-ROS/ros2_ws/install/stereoCam:/home/deeric/belajar-ROS/ros2_ws/install/stereo-cam:/home/deeric/belajar-ROS/Decawave-ros-data-sim/install/locator:/opt/ros/humble PS1=[\u\]$ /usr/bin/cmake /home/deeric/belajar-ROS/ros2_ws/src/px4_msgs -DCMAKE_INSTALL_PREFIX=/home/deeric/belajar-ROS/ros2_ws/install/px4_msgs
[2.592s] DEBUG:colcon.colcon_core.event_handler.log_command:Invoking command in '/home/deeric/belajar-ROS/ros2_ws/build/px4_msgs': CMAKE_PREFIX_PATH=${CMAKE_PREFIX_PATH}:/home/deeric/belajar-ROS/ros2_ws/install/stereoCam:/home/deeric/belajar-ROS/ros2_ws/install/stereo-cam:/home/deeric/belajar-ROS/Decawave-ros-data-sim/install/locator:/opt/ros/humble PS1=[\u\]$ /usr/bin/cmake --build /home/deeric/belajar-ROS/ros2_ws/build/px4_msgs -- -j12 -l12
[137.673s] DEBUG:colcon.colcon_core.event_handler.log_command:Invoked command in '/home/deeric/belajar-ROS/ros2_ws/build/px4_msgs' returned '0': CMAKE_PREFIX_PATH=${CMAKE_PREFIX_PATH}:/home/deeric/belajar-ROS/ros2_ws/install/stereoCam:/home/deeric/belajar-ROS/ros2_ws/install/stereo-cam:/home/deeric/belajar-ROS/Decawave-ros-data-sim/install/locator:/opt/ros/humble PS1=[\u\]$ /usr/bin/cmake --build /home/deeric/belajar-ROS/ros2_ws/build/px4_msgs -- -j12 -l12
[137.682s] DEBUG:colcon.colcon_core.event_handler.log_command:Invoking command in '/home/deeric/belajar-ROS/ros2_ws/build/px4_msgs': CMAKE_PREFIX_PATH=${CMAKE_PREFIX_PATH}:/home/deeric/belajar-ROS/ros2_ws/install/stereoCam:/home/deeric/belajar-ROS/ros2_ws/install/stereo-cam:/home/deeric/belajar-ROS/Decawave-ros-data-sim/install/locator:/opt/ros/humble PS1=[\u\]$ /usr/bin/cmake --install /home/deeric/belajar-ROS/ros2_ws/build/px4_msgs
[138.296s] Level 1:colcon.colcon_core.environment:create_environment_scripts_only(px4_msgs)
[138.296s] Level 1:colcon.colcon_core.environment:checking '/home/deeric/belajar-ROS/ros2_ws/install/px4_msgs' for CMake module files
[138.297s] DEBUG:colcon.colcon_core.event_handler.log_command:Invoked command in '/home/deeric/belajar-ROS/ros2_ws/build/px4_msgs' returned '0': CMAKE_PREFIX_PATH=${CMAKE_PREFIX_PATH}:/home/deeric/belajar-ROS/ros2_ws/install/stereoCam:/home/deeric/belajar-ROS/ros2_ws/install/stereo-cam:/home/deeric/belajar-ROS/Decawave-ros-data-sim/install/locator:/opt/ros/humble PS1=[\u\]$ /usr/bin/cmake --install /home/deeric/belajar-ROS/ros2_ws/build/px4_msgs
[138.297s] Level 1:colcon.colcon_core.environment:checking '/home/deeric/belajar-ROS/ros2_ws/install/px4_msgs' for CMake config files
[138.299s] Level 1:colcon.colcon_core.shell:create_environment_hook('px4_msgs', 'cmake_prefix_path')
[138.299s] INFO:colcon.colcon_core.shell:Creating environment hook '/home/deeric/belajar-ROS/ros2_ws/install/px4_msgs/share/px4_msgs/hook/cmake_prefix_path.ps1'
[138.299s] INFO:colcon.colcon_core.shell:Creating environment descriptor '/home/deeric/belajar-ROS/ros2_ws/install/px4_msgs/share/px4_msgs/hook/cmake_prefix_path.dsv'
[138.299s] INFO:colcon.colcon_core.shell:Creating environment hook '/home/deeric/belajar-ROS/ros2_ws/install/px4_msgs/share/px4_msgs/hook/cmake_prefix_path.sh'
[138.300s] Level 1:colcon.colcon_core.environment:checking '/home/deeric/belajar-ROS/ros2_ws/install/px4_msgs/lib'
[138.300s] Level 1:colcon.colcon_core.shell:create_environment_hook('px4_msgs', 'ld_library_path_lib')
[138.300s] INFO:colcon.colcon_core.shell:Creating environment hook '/home/deeric/belajar-ROS/ros2_ws/install/px4_msgs/share/px4_msgs/hook/ld_library_path_lib.ps1'
[138.300s] INFO:colcon.colcon_core.shell:Creating environment descriptor '/home/deeric/belajar-ROS/ros2_ws/install/px4_msgs/share/px4_msgs/hook/ld_library_path_lib.dsv'
[138.300s] INFO:colcon.colcon_core.shell:Creating environment hook '/home/deeric/belajar-ROS/ros2_ws/install/px4_msgs/share/px4_msgs/hook/ld_library_path_lib.sh'
[138.300s] Level 1:colcon.colcon_core.environment:checking '/home/deeric/belajar-ROS/ros2_ws/install/px4_msgs/bin'
[138.300s] Level 1:colcon.colcon_core.environment:checking '/home/deeric/belajar-ROS/ros2_ws/install/px4_msgs/lib/pkgconfig/px4_msgs.pc'
[138.301s] Level 1:colcon.colcon_core.environment:checking '/home/deeric/belajar-ROS/ros2_ws/install/px4_msgs/lib/python3.10/site-packages'
[138.301s] Level 1:colcon.colcon_core.environment:checking '/home/deeric/belajar-ROS/ros2_ws/install/px4_msgs/bin'
[138.301s] INFO:colcon.colcon_core.shell:Creating package script '/home/deeric/belajar-ROS/ros2_ws/install/px4_msgs/share/px4_msgs/package.ps1'
[138.301s] INFO:colcon.colcon_core.shell:Creating package descriptor '/home/deeric/belajar-ROS/ros2_ws/install/px4_msgs/share/px4_msgs/package.dsv'
[138.301s] INFO:colcon.colcon_core.shell:Creating package script '/home/deeric/belajar-ROS/ros2_ws/install/px4_msgs/share/px4_msgs/package.sh'
[138.302s] INFO:colcon.colcon_core.shell:Creating package script '/home/deeric/belajar-ROS/ros2_ws/install/px4_msgs/share/px4_msgs/package.bash'
[138.302s] INFO:colcon.colcon_core.shell:Creating package script '/home/deeric/belajar-ROS/ros2_ws/install/px4_msgs/share/px4_msgs/package.zsh'
[138.302s] Level 1:colcon.colcon_core.environment:create_file_with_runtime_dependencies(/home/deeric/belajar-ROS/ros2_ws/install/px4_msgs/share/colcon-core/packages/px4_msgs)
[138.302s] Level 1:colcon.colcon_core.environment:create_environment_scripts_only(px4_msgs)
[138.302s] Level 1:colcon.colcon_core.environment:checking '/home/deeric/belajar-ROS/ros2_ws/install/px4_msgs' for CMake module files
[138.303s] Level 1:colcon.colcon_core.environment:checking '/home/deeric/belajar-ROS/ros2_ws/install/px4_msgs' for CMake config files
[138.303s] Level 1:colcon.colcon_core.shell:create_environment_hook('px4_msgs', 'cmake_prefix_path')
[138.303s] INFO:colcon.colcon_core.shell:Creating environment hook '/home/deeric/belajar-ROS/ros2_ws/install/px4_msgs/share/px4_msgs/hook/cmake_prefix_path.ps1'
[138.304s] INFO:colcon.colcon_core.shell:Creating environment descriptor '/home/deeric/belajar-ROS/ros2_ws/install/px4_msgs/share/px4_msgs/hook/cmake_prefix_path.dsv'
[138.304s] INFO:colcon.colcon_core.shell:Creating environment hook '/home/deeric/belajar-ROS/ros2_ws/install/px4_msgs/share/px4_msgs/hook/cmake_prefix_path.sh'
[138.304s] Level 1:colcon.colcon_core.environment:checking '/home/deeric/belajar-ROS/ros2_ws/install/px4_msgs/lib'
[138.304s] Level 1:colcon.colcon_core.shell:create_environment_hook('px4_msgs', 'ld_library_path_lib')
[138.304s] INFO:colcon.colcon_core.shell:Creating environment hook '/home/deeric/belajar-ROS/ros2_ws/install/px4_msgs/share/px4_msgs/hook/ld_library_path_lib.ps1'
[138.304s] INFO:colcon.colcon_core.shell:Creating environment descriptor '/home/deeric/belajar-ROS/ros2_ws/install/px4_msgs/share/px4_msgs/hook/ld_library_path_lib.dsv'
[138.304s] INFO:colcon.colcon_core.shell:Creating environment hook '/home/deeric/belajar-ROS/ros2_ws/install/px4_msgs/share/px4_msgs/hook/ld_library_path_lib.sh'
[138.305s] Level 1:colcon.colcon_core.environment:checking '/home/deeric/belajar-ROS/ros2_ws/install/px4_msgs/bin'
[138.305s] Level 1:colcon.colcon_core.environment:checking '/home/deeric/belajar-ROS/ros2_ws/install/px4_msgs/lib/pkgconfig/px4_msgs.pc'
[138.305s] Level 1:colcon.colcon_core.environment:checking '/home/deeric/belajar-ROS/ros2_ws/install/px4_msgs/lib/python3.10/site-packages'
[138.305s] Level 1:colcon.colcon_core.environment:checking '/home/deeric/belajar-ROS/ros2_ws/install/px4_msgs/bin'
[138.305s] INFO:colcon.colcon_core.shell:Creating package script '/home/deeric/belajar-ROS/ros2_ws/install/px4_msgs/share/px4_msgs/package.ps1'
[138.305s] INFO:colcon.colcon_core.shell:Creating package descriptor '/home/deeric/belajar-ROS/ros2_ws/install/px4_msgs/share/px4_msgs/package.dsv'
[138.306s] INFO:colcon.colcon_core.shell:Creating package script '/home/deeric/belajar-ROS/ros2_ws/install/px4_msgs/share/px4_msgs/package.sh'
[138.306s] INFO:colcon.colcon_core.shell:Creating package script '/home/deeric/belajar-ROS/ros2_ws/install/px4_msgs/share/px4_msgs/package.bash'
[138.306s] INFO:colcon.colcon_core.shell:Creating package script '/home/deeric/belajar-ROS/ros2_ws/install/px4_msgs/share/px4_msgs/package.zsh'
[138.306s] Level 1:colcon.colcon_core.environment:create_file_with_runtime_dependencies(/home/deeric/belajar-ROS/ros2_ws/install/px4_msgs/share/colcon-core/packages/px4_msgs)
[138.306s] INFO:colcon.colcon_ros.task.ament_cmake.build:Building ROS package in '/home/deeric/belajar-ROS/ros2_ws/src/px4_ros_com' with build type 'ament_cmake'
[138.306s] INFO:colcon.colcon_cmake.task.cmake.build:Building CMake package in '/home/deeric/belajar-ROS/ros2_ws/src/px4_ros_com'
[138.307s] INFO:colcon.colcon_core.shell:Skip shell extension 'powershell' for command environment: Not usable outside of PowerShell
[138.307s] DEBUG:colcon.colcon_core.shell:Skip shell extension 'dsv' for command environment
[138.316s] DEBUG:colcon.colcon_core.event_handler.log_command:Invoking command in '/home/deeric/belajar-ROS/ros2_ws/build/px4_ros_com': CMAKE_PREFIX_PATH=/home/deeric/belajar-ROS/ros2_ws/install/px4_msgs:/home/deeric/belajar-ROS/ros2_ws/install/px4_ros_com:/home/deeric/belajar-ROS/ros2_ws/install/stereoCam:/home/deeric/belajar-ROS/ros2_ws/install/stereo-cam:/home/deeric/belajar-ROS/Decawave-ros-data-sim/install/locator:/opt/ros/humble LD_LIBRARY_PATH=/home/deeric/belajar-ROS/ros2_ws/install/px4_msgs/lib:/home/deeric/belajar-ROS/ros2_ws/install/px4_ros_com/lib:/usr/lib/x86_64-linux-gnu/gazebo-11/plugins:/opt/ros/humble/opt/rviz_ogre_vendor/lib:/opt/ros/humble/lib/x86_64-linux-gnu:/opt/ros/humble/lib:/usr/lib/x86_64-linux-gnu/gazebo-11/plugins PS1=[\u\]$ /usr/bin/cmake /home/deeric/belajar-ROS/ros2_ws/src/px4_ros_com -DCMAKE_INSTALL_PREFIX=/home/deeric/belajar-ROS/ros2_ws/install/px4_ros_com
[139.272s] DEBUG:colcon.colcon_core.event_handler.log_command:Invoked command in '/home/deeric/belajar-ROS/ros2_ws/build/px4_ros_com' returned '0': CMAKE_PREFIX_PATH=/home/deeric/belajar-ROS/ros2_ws/install/px4_msgs:/home/deeric/belajar-ROS/ros2_ws/install/px4_ros_com:/home/deeric/belajar-ROS/ros2_ws/install/stereoCam:/home/deeric/belajar-ROS/ros2_ws/install/stereo-cam:/home/deeric/belajar-ROS/Decawave-ros-data-sim/install/locator:/opt/ros/humble LD_LIBRARY_PATH=/home/deeric/belajar-ROS/ros2_ws/install/px4_msgs/lib:/home/deeric/belajar-ROS/ros2_ws/install/px4_ros_com/lib:/usr/lib/x86_64-linux-gnu/gazebo-11/plugins:/opt/ros/humble/opt/rviz_ogre_vendor/lib:/opt/ros/humble/lib/x86_64-linux-gnu:/opt/ros/humble/lib:/usr/lib/x86_64-linux-gnu/gazebo-11/plugins PS1=[\u\]$ /usr/bin/cmake /home/deeric/belajar-ROS/ros2_ws/src/px4_ros_com -DCMAKE_INSTALL_PREFIX=/home/deeric/belajar-ROS/ros2_ws/install/px4_ros_com
[139.272s] DEBUG:colcon.colcon_core.event_handler.log_command:Invoking command in '/home/deeric/belajar-ROS/ros2_ws/build/px4_ros_com': CMAKE_PREFIX_PATH=/home/deeric/belajar-ROS/ros2_ws/install/px4_msgs:/home/deeric/belajar-ROS/ros2_ws/install/px4_ros_com:/home/deeric/belajar-ROS/ros2_ws/install/stereoCam:/home/deeric/belajar-ROS/ros2_ws/install/stereo-cam:/home/deeric/belajar-ROS/Decawave-ros-data-sim/install/locator:/opt/ros/humble LD_LIBRARY_PATH=/home/deeric/belajar-ROS/ros2_ws/install/px4_msgs/lib:/home/deeric/belajar-ROS/ros2_ws/install/px4_ros_com/lib:/usr/lib/x86_64-linux-gnu/gazebo-11/plugins:/opt/ros/humble/opt/rviz_ogre_vendor/lib:/opt/ros/humble/lib/x86_64-linux-gnu:/opt/ros/humble/lib:/usr/lib/x86_64-linux-gnu/gazebo-11/plugins PS1=[\u\]$ /usr/bin/cmake --build /home/deeric/belajar-ROS/ros2_ws/build/px4_ros_com -- -j12 -l12
[147.766s] DEBUG:colcon.colcon_core.event_handler.log_command:Invoked command in '/home/deeric/belajar-ROS/ros2_ws/build/px4_ros_com' returned '0': CMAKE_PREFIX_PATH=/home/deeric/belajar-ROS/ros2_ws/install/px4_msgs:/home/deeric/belajar-ROS/ros2_ws/install/px4_ros_com:/home/deeric/belajar-ROS/ros2_ws/install/stereoCam:/home/deeric/belajar-ROS/ros2_ws/install/stereo-cam:/home/deeric/belajar-ROS/Decawave-ros-data-sim/install/locator:/opt/ros/humble LD_LIBRARY_PATH=/home/deeric/belajar-ROS/ros2_ws/install/px4_msgs/lib:/home/deeric/belajar-ROS/ros2_ws/install/px4_ros_com/lib:/usr/lib/x86_64-linux-gnu/gazebo-11/plugins:/opt/ros/humble/opt/rviz_ogre_vendor/lib:/opt/ros/humble/lib/x86_64-linux-gnu:/opt/ros/humble/lib:/usr/lib/x86_64-linux-gnu/gazebo-11/plugins PS1=[\u\]$ /usr/bin/cmake --build /home/deeric/belajar-ROS/ros2_ws/build/px4_ros_com -- -j12 -l12
[147.767s] DEBUG:colcon.colcon_core.event_handler.log_command:Invoking command in '/home/deeric/belajar-ROS/ros2_ws/build/px4_ros_com': CMAKE_PREFIX_PATH=/home/deeric/belajar-ROS/ros2_ws/install/px4_msgs:/home/deeric/belajar-ROS/ros2_ws/install/px4_ros_com:/home/deeric/belajar-ROS/ros2_ws/install/stereoCam:/home/deeric/belajar-ROS/ros2_ws/install/stereo-cam:/home/deeric/belajar-ROS/Decawave-ros-data-sim/install/locator:/opt/ros/humble LD_LIBRARY_PATH=/home/deeric/belajar-ROS/ros2_ws/install/px4_msgs/lib:/home/deeric/belajar-ROS/ros2_ws/install/px4_ros_com/lib:/usr/lib/x86_64-linux-gnu/gazebo-11/plugins:/opt/ros/humble/opt/rviz_ogre_vendor/lib:/opt/ros/humble/lib/x86_64-linux-gnu:/opt/ros/humble/lib:/usr/lib/x86_64-linux-gnu/gazebo-11/plugins PS1=[\u\]$ /usr/bin/cmake --install /home/deeric/belajar-ROS/ros2_ws/build/px4_ros_com
[147.815s] Level 1:colcon.colcon_core.environment:create_environment_scripts_only(px4_ros_com)
[147.815s] Level 1:colcon.colcon_core.environment:checking '/home/deeric/belajar-ROS/ros2_ws/install/px4_ros_com' for CMake module files
[147.816s] DEBUG:colcon.colcon_core.event_handler.log_command:Invoked command in '/home/deeric/belajar-ROS/ros2_ws/build/px4_ros_com' returned '0': CMAKE_PREFIX_PATH=/home/deeric/belajar-ROS/ros2_ws/install/px4_msgs:/home/deeric/belajar-ROS/ros2_ws/install/px4_ros_com:/home/deeric/belajar-ROS/ros2_ws/install/stereoCam:/home/deeric/belajar-ROS/ros2_ws/install/stereo-cam:/home/deeric/belajar-ROS/Decawave-ros-data-sim/install/locator:/opt/ros/humble LD_LIBRARY_PATH=/home/deeric/belajar-ROS/ros2_ws/install/px4_msgs/lib:/home/deeric/belajar-ROS/ros2_ws/install/px4_ros_com/lib:/usr/lib/x86_64-linux-gnu/gazebo-11/plugins:/opt/ros/humble/opt/rviz_ogre_vendor/lib:/opt/ros/humble/lib/x86_64-linux-gnu:/opt/ros/humble/lib:/usr/lib/x86_64-linux-gnu/gazebo-11/plugins PS1=[\u\]$ /usr/bin/cmake --install /home/deeric/belajar-ROS/ros2_ws/build/px4_ros_com
[147.816s] Level 1:colcon.colcon_core.environment:checking '/home/deeric/belajar-ROS/ros2_ws/install/px4_ros_com' for CMake config files
[147.817s] Level 1:colcon.colcon_core.shell:create_environment_hook('px4_ros_com', 'cmake_prefix_path')
[147.817s] INFO:colcon.colcon_core.shell:Creating environment hook '/home/deeric/belajar-ROS/ros2_ws/install/px4_ros_com/share/px4_ros_com/hook/cmake_prefix_path.ps1'
[147.818s] INFO:colcon.colcon_core.shell:Creating environment descriptor '/home/deeric/belajar-ROS/ros2_ws/install/px4_ros_com/share/px4_ros_com/hook/cmake_prefix_path.dsv'
[147.818s] INFO:colcon.colcon_core.shell:Creating environment hook '/home/deeric/belajar-ROS/ros2_ws/install/px4_ros_com/share/px4_ros_com/hook/cmake_prefix_path.sh'
[147.819s] Level 1:colcon.colcon_core.environment:checking '/home/deeric/belajar-ROS/ros2_ws/install/px4_ros_com/lib'
[147.819s] Level 1:colcon.colcon_core.shell:create_environment_hook('px4_ros_com', 'ld_library_path_lib')
[147.819s] INFO:colcon.colcon_core.shell:Creating environment hook '/home/deeric/belajar-ROS/ros2_ws/install/px4_ros_com/share/px4_ros_com/hook/ld_library_path_lib.ps1'
[147.819s] INFO:colcon.colcon_core.shell:Creating environment descriptor '/home/deeric/belajar-ROS/ros2_ws/install/px4_ros_com/share/px4_ros_com/hook/ld_library_path_lib.dsv'
[147.820s] INFO:colcon.colcon_core.shell:Creating environment hook '/home/deeric/belajar-ROS/ros2_ws/install/px4_ros_com/share/px4_ros_com/hook/ld_library_path_lib.sh'
[147.820s] Level 1:colcon.colcon_core.environment:checking '/home/deeric/belajar-ROS/ros2_ws/install/px4_ros_com/bin'
[147.820s] Level 1:colcon.colcon_core.environment:checking '/home/deeric/belajar-ROS/ros2_ws/install/px4_ros_com/lib/pkgconfig/px4_ros_com.pc'
[147.820s] Level 1:colcon.colcon_core.environment:checking '/home/deeric/belajar-ROS/ros2_ws/install/px4_ros_com/lib/python3.10/site-packages'
[147.820s] Level 1:colcon.colcon_core.environment:checking '/home/deeric/belajar-ROS/ros2_ws/install/px4_ros_com/bin'
[147.821s] INFO:colcon.colcon_core.shell:Creating package script '/home/deeric/belajar-ROS/ros2_ws/install/px4_ros_com/share/px4_ros_com/package.ps1'
[147.822s] INFO:colcon.colcon_core.shell:Creating package descriptor '/home/deeric/belajar-ROS/ros2_ws/install/px4_ros_com/share/px4_ros_com/package.dsv'
[147.822s] INFO:colcon.colcon_core.shell:Creating package script '/home/deeric/belajar-ROS/ros2_ws/install/px4_ros_com/share/px4_ros_com/package.sh'
[147.823s] INFO:colcon.colcon_core.shell:Creating package script '/home/deeric/belajar-ROS/ros2_ws/install/px4_ros_com/share/px4_ros_com/package.bash'
[147.824s] INFO:colcon.colcon_core.shell:Creating package script '/home/deeric/belajar-ROS/ros2_ws/install/px4_ros_com/share/px4_ros_com/package.zsh'
[147.824s] Level 1:colcon.colcon_core.environment:create_file_with_runtime_dependencies(/home/deeric/belajar-ROS/ros2_ws/install/px4_ros_com/share/colcon-core/packages/px4_ros_com)
[147.825s] Level 1:colcon.colcon_core.environment:create_environment_scripts_only(px4_ros_com)
[147.825s] Level 1:colcon.colcon_core.environment:checking '/home/deeric/belajar-ROS/ros2_ws/install/px4_ros_com' for CMake module files
[147.826s] Level 1:colcon.colcon_core.environment:checking '/home/deeric/belajar-ROS/ros2_ws/install/px4_ros_com' for CMake config files
[147.826s] Level 1:colcon.colcon_core.shell:create_environment_hook('px4_ros_com', 'cmake_prefix_path')
[147.826s] INFO:colcon.colcon_core.shell:Creating environment hook '/home/deeric/belajar-ROS/ros2_ws/install/px4_ros_com/share/px4_ros_com/hook/cmake_prefix_path.ps1'
[147.826s] INFO:colcon.colcon_core.shell:Creating environment descriptor '/home/deeric/belajar-ROS/ros2_ws/install/px4_ros_com/share/px4_ros_com/hook/cmake_prefix_path.dsv'
[147.827s] INFO:colcon.colcon_core.shell:Creating environment hook '/home/deeric/belajar-ROS/ros2_ws/install/px4_ros_com/share/px4_ros_com/hook/cmake_prefix_path.sh'
[147.827s] Level 1:colcon.colcon_core.environment:checking '/home/deeric/belajar-ROS/ros2_ws/install/px4_ros_com/lib'
[147.827s] Level 1:colcon.colcon_core.shell:create_environment_hook('px4_ros_com', 'ld_library_path_lib')
[147.827s] INFO:colcon.colcon_core.shell:Creating environment hook '/home/deeric/belajar-ROS/ros2_ws/install/px4_ros_com/share/px4_ros_com/hook/ld_library_path_lib.ps1'
[147.827s] INFO:colcon.colcon_core.shell:Creating environment descriptor '/home/deeric/belajar-ROS/ros2_ws/install/px4_ros_com/share/px4_ros_com/hook/ld_library_path_lib.dsv'
[147.827s] INFO:colcon.colcon_core.shell:Creating environment hook '/home/deeric/belajar-ROS/ros2_ws/install/px4_ros_com/share/px4_ros_com/hook/ld_library_path_lib.sh'
[147.828s] Level 1:colcon.colcon_core.environment:checking '/home/deeric/belajar-ROS/ros2_ws/install/px4_ros_com/bin'
[147.828s] Level 1:colcon.colcon_core.environment:checking '/home/deeric/belajar-ROS/ros2_ws/install/px4_ros_com/lib/pkgconfig/px4_ros_com.pc'
[147.828s] Level 1:colcon.colcon_core.environment:checking '/home/deeric/belajar-ROS/ros2_ws/install/px4_ros_com/lib/python3.10/site-packages'
[147.828s] Level 1:colcon.colcon_core.environment:checking '/home/deeric/belajar-ROS/ros2_ws/install/px4_ros_com/bin'
[147.828s] INFO:colcon.colcon_core.shell:Creating package script '/home/deeric/belajar-ROS/ros2_ws/install/px4_ros_com/share/px4_ros_com/package.ps1'
[147.828s] INFO:colcon.colcon_core.shell:Creating package descriptor '/home/deeric/belajar-ROS/ros2_ws/install/px4_ros_com/share/px4_ros_com/package.dsv'
[147.829s] INFO:colcon.colcon_core.shell:Creating package script '/home/deeric/belajar-ROS/ros2_ws/install/px4_ros_com/share/px4_ros_com/package.sh'
[147.829s] INFO:colcon.colcon_core.shell:Creating package script '/home/deeric/belajar-ROS/ros2_ws/install/px4_ros_com/share/px4_ros_com/package.bash'
[147.829s] INFO:colcon.colcon_core.shell:Creating package script '/home/deeric/belajar-ROS/ros2_ws/install/px4_ros_com/share/px4_ros_com/package.zsh'
[147.829s] Level 1:colcon.colcon_core.environment:create_file_with_runtime_dependencies(/home/deeric/belajar-ROS/ros2_ws/install/px4_ros_com/share/colcon-core/packages/px4_ros_com)
[147.829s] DEBUG:colcon.colcon_parallel_executor.executor.parallel:closing loop
[147.830s] DEBUG:colcon.colcon_parallel_executor.executor.parallel:loop closed
[147.830s] DEBUG:colcon.colcon_parallel_executor.executor.parallel:run_until_complete finished with '0'
[147.830s] DEBUG:colcon.colcon_core.event_reactor:joining thread
[147.837s] INFO:colcon.colcon_core.plugin_system:Skipping extension 'colcon_notification.desktop_notification.notify_send': Could not find 'notify-send'
[147.837s] INFO:colcon.colcon_core.plugin_system:Skipping extension 'colcon_notification.desktop_notification.terminal_notifier': Not used on non-Darwin systems
[147.837s] INFO:colcon.colcon_core.plugin_system:Skipping extension 'colcon_notification.desktop_notification.win32': Not used on non-Windows systems
[147.837s] INFO:colcon.colcon_notification.desktop_notification:Sending desktop notification using 'notify2'
[147.837s] DEBUG:colcon.colcon_notification.desktop_notification.notify2:Failed to initialize notify2: org.freedesktop.DBus.Error.ServiceUnknown: The name org.freedesktop.Notifications was not provided by any .service files
[147.837s] DEBUG:colcon.colcon_core.event_reactor:joined thread
[147.838s] INFO:colcon.colcon_core.shell:Creating prefix script '/home/deeric/belajar-ROS/ros2_ws/install/local_setup.ps1'
[147.838s] INFO:colcon.colcon_core.shell:Creating prefix util module '/home/deeric/belajar-ROS/ros2_ws/install/_local_setup_util_ps1.py'
[147.839s] INFO:colcon.colcon_core.shell:Creating prefix chain script '/home/deeric/belajar-ROS/ros2_ws/install/setup.ps1'
[147.840s] INFO:colcon.colcon_core.shell:Creating prefix script '/home/deeric/belajar-ROS/ros2_ws/install/local_setup.sh'
[147.840s] INFO:colcon.colcon_core.shell:Creating prefix util module '/home/deeric/belajar-ROS/ros2_ws/install/_local_setup_util_sh.py'
[147.841s] INFO:colcon.colcon_core.shell:Creating prefix chain script '/home/deeric/belajar-ROS/ros2_ws/install/setup.sh'
[147.841s] INFO:colcon.colcon_core.shell:Creating prefix script '/home/deeric/belajar-ROS/ros2_ws/install/local_setup.bash'
[147.841s] INFO:colcon.colcon_core.shell:Creating prefix chain script '/home/deeric/belajar-ROS/ros2_ws/install/setup.bash'
[147.842s] INFO:colcon.colcon_core.shell:Creating prefix script '/home/deeric/belajar-ROS/ros2_ws/install/local_setup.zsh'
[147.842s] INFO:colcon.colcon_core.shell:Creating prefix chain script '/home/deeric/belajar-ROS/ros2_ws/install/setup.zsh'
