running egg_info
writing ../../build/stereoCam/stereoCam.egg-info/PKG-INFO
writing dependency_links to ../../build/stereoCam/stereoCam.egg-info/dependency_links.txt
writing entry points to ../../build/stereoCam/stereoCam.egg-info/entry_points.txt
writing requirements to ../../build/stereoCam/stereoCam.egg-info/requires.txt
writing top-level names to ../../build/stereoCam/stereoCam.egg-info/top_level.txt
reading manifest file '../../build/stereoCam/stereoCam.egg-info/SOURCES.txt'
adding license file 'LICENSE'
writing manifest file '../../build/stereoCam/stereoCam.egg-info/SOURCES.txt'
running build
running build_py
running install
running install_lib
running install_data
creating /home/deeric/belajar-ROS/ros2_ws/install/stereoCam/share/stereoCam/launch
copying launch/stereo.launch.py -> /home/deeric/belajar-ROS/ros2_ws/install/stereoCam/share/stereoCam/launch
running install_egg_info
removing '/home/deeric/belajar-ROS/ros2_ws/install/stereoCam/lib/python3.10/site-packages/stereoCam-0.0.0-py3.10.egg-info' (and everything under it)
Copying ../../build/stereoCam/stereoCam.egg-info to /home/deeric/belajar-ROS/ros2_ws/install/stereoCam/lib/python3.10/site-packages/stereoCam-0.0.0-py3.10.egg-info
running install_scripts
Installing publisher script to /home/deeric/belajar-ROS/ros2_ws/install/stereoCam/lib/stereoCam
writing list of installed files to '/home/deeric/belajar-ROS/ros2_ws/build/stereoCam/install.log'
