[0.372s] Invoking command in '/home/deeric/belajar-ROS/ros2_ws/src/stereoCam': PS1=[\u\]$ PYTHONPATH=/home/deeric/belajar-ROS/ros2_ws/build/stereoCam/prefix_override:/usr/lib/python3/dist-packages/colcon_core/task/python/colcon_distutils_commands:/home/deeric/belajar-ROS/ros2_ws/install/stereoCam/lib/python3.10/site-packages:${PYTHONPATH} /usr/bin/python3 -W ignore:setup.py install is deprecated -W ignore:easy_install command is deprecated setup.py egg_info --egg-base ../../build/stereoCam build --build-base /home/deeric/belajar-ROS/ros2_ws/build/stereoCam/build install --record /home/deeric/belajar-ROS/ros2_ws/build/stereoCam/install.log --single-version-externally-managed install_data
[0.505s] running egg_info
[0.505s] writing ../../build/stereoCam/stereoCam.egg-info/PKG-INFO
[0.505s] writing dependency_links to ../../build/stereoCam/stereoCam.egg-info/dependency_links.txt
[0.505s] writing entry points to ../../build/stereoCam/stereoCam.egg-info/entry_points.txt
[0.505s] writing requirements to ../../build/stereoCam/stereoCam.egg-info/requires.txt
[0.505s] writing top-level names to ../../build/stereoCam/stereoCam.egg-info/top_level.txt
[0.507s] reading manifest file '../../build/stereoCam/stereoCam.egg-info/SOURCES.txt'
[0.507s] adding license file 'LICENSE'
[0.507s] writing manifest file '../../build/stereoCam/stereoCam.egg-info/SOURCES.txt'
[0.507s] running build
[0.508s] running build_py
[0.508s] running install
[0.508s] running install_lib
[0.509s] running install_data
[0.509s] creating /home/deeric/belajar-ROS/ros2_ws/install/stereoCam/share/stereoCam/launch
[0.509s] copying launch/stereo.launch.py -> /home/deeric/belajar-ROS/ros2_ws/install/stereoCam/share/stereoCam/launch
[0.509s] running install_egg_info
[0.510s] removing '/home/deeric/belajar-ROS/ros2_ws/install/stereoCam/lib/python3.10/site-packages/stereoCam-0.0.0-py3.10.egg-info' (and everything under it)
[0.511s] Copying ../../build/stereoCam/stereoCam.egg-info to /home/deeric/belajar-ROS/ros2_ws/install/stereoCam/lib/python3.10/site-packages/stereoCam-0.0.0-py3.10.egg-info
[0.511s] running install_scripts
[0.525s] Installing publisher script to /home/deeric/belajar-ROS/ros2_ws/install/stereoCam/lib/stereoCam
[0.525s] writing list of installed files to '/home/deeric/belajar-ROS/ros2_ws/build/stereoCam/install.log'
[0.542s] Invoked command in '/home/deeric/belajar-ROS/ros2_ws/src/stereoCam' returned '0': PS1=[\u\]$ PYTHONPATH=/home/deeric/belajar-ROS/ros2_ws/build/stereoCam/prefix_override:/usr/lib/python3/dist-packages/colcon_core/task/python/colcon_distutils_commands:/home/deeric/belajar-ROS/ros2_ws/install/stereoCam/lib/python3.10/site-packages:${PYTHONPATH} /usr/bin/python3 -W ignore:setup.py install is deprecated -W ignore:easy_install command is deprecated setup.py egg_info --egg-base ../../build/stereoCam build --build-base /home/deeric/belajar-ROS/ros2_ws/build/stereoCam/build install --record /home/deeric/belajar-ROS/ros2_ws/build/stereoCam/install.log --single-version-externally-managed install_data
