[0.387s] Invoking command in '/home/deeric/belajar-ROS/ros2_ws/src/state_publisher': PS1=[\u\]$ PYTHONPATH=/home/deeric/belajar-ROS/ros2_ws/build/state_publisher/prefix_override:/usr/lib/python3/dist-packages/colcon_core/task/python/colcon_distutils_commands:/home/deeric/belajar-ROS/ros2_ws/install/state_publisher/lib/python3.10/site-packages:${PYTHONPATH} /usr/bin/python3 -W ignore:setup.py install is deprecated -W ignore:easy_install command is deprecated setup.py egg_info --egg-base ../../build/state_publisher build --build-base /home/deeric/belajar-ROS/ros2_ws/build/state_publisher/build install --record /home/deeric/belajar-ROS/ros2_ws/build/state_publisher/install.log --single-version-externally-managed install_data
[0.565s] running egg_info
[0.565s] writing ../../build/state_publisher/state_publisher.egg-info/PKG-INFO
[0.565s] writing dependency_links to ../../build/state_publisher/state_publisher.egg-info/dependency_links.txt
[0.565s] writing entry points to ../../build/state_publisher/state_publisher.egg-info/entry_points.txt
[0.565s] writing requirements to ../../build/state_publisher/state_publisher.egg-info/requires.txt
[0.566s] writing top-level names to ../../build/state_publisher/state_publisher.egg-info/top_level.txt
[0.567s] reading manifest file '../../build/state_publisher/state_publisher.egg-info/SOURCES.txt'
[0.567s] adding license file 'LICENSE'
[0.567s] writing manifest file '../../build/state_publisher/state_publisher.egg-info/SOURCES.txt'
[0.567s] running build
[0.567s] running build_py
[0.567s] running install
[0.567s] running install_lib
[0.568s] running install_data
[0.568s] copying launch/spawn.launch.py -> /home/deeric/belajar-ROS/ros2_ws/install/state_publisher/share/state_publisher/launch
[0.568s] running install_egg_info
[0.570s] removing '/home/deeric/belajar-ROS/ros2_ws/install/state_publisher/lib/python3.10/site-packages/state_publisher-0.0.0-py3.10.egg-info' (and everything under it)
[0.570s] Copying ../../build/state_publisher/state_publisher.egg-info to /home/deeric/belajar-ROS/ros2_ws/install/state_publisher/lib/python3.10/site-packages/state_publisher-0.0.0-py3.10.egg-info
[0.570s] running install_scripts
[0.585s] Installing state_publisher script to /home/deeric/belajar-ROS/ros2_ws/install/state_publisher/lib/state_publisher
[0.585s] writing list of installed files to '/home/deeric/belajar-ROS/ros2_ws/build/state_publisher/install.log'
[0.610s] Invoked command in '/home/deeric/belajar-ROS/ros2_ws/src/state_publisher' returned '0': PS1=[\u\]$ PYTHONPATH=/home/deeric/belajar-ROS/ros2_ws/build/state_publisher/prefix_override:/usr/lib/python3/dist-packages/colcon_core/task/python/colcon_distutils_commands:/home/deeric/belajar-ROS/ros2_ws/install/state_publisher/lib/python3.10/site-packages:${PYTHONPATH} /usr/bin/python3 -W ignore:setup.py install is deprecated -W ignore:easy_install command is deprecated setup.py egg_info --egg-base ../../build/state_publisher build --build-base /home/deeric/belajar-ROS/ros2_ws/build/state_publisher/build install --record /home/deeric/belajar-ROS/ros2_ws/build/state_publisher/install.log --single-version-externally-managed install_data
