[0.065s] DEBUG:colcon:Command line arguments: ['/usr/bin/colcon', 'build', '--packages-select', 'stereoCam']
[0.065s] DEBUG:colcon:Parsed command line arguments: Namespace(log_base=None, log_level=None, verb_name='build', build_base='build', install_base='install', merge_install=False, symlink_install=False, test_result_base=None, continue_on_error=False, executor='parallel', parallel_workers=12, event_handlers=None, ignore_user_meta=False, metas=['./colcon.meta'], base_paths=['.'], packages_ignore=None, packages_ignore_regex=None, paths=None, packages_up_to=None, packages_up_to_regex=None, packages_above=None, packages_above_and_dependencies=None, packages_above_depth=None, packages_select_by_dep=None, packages_skip_by_dep=None, packages_skip_up_to=None, packages_select_build_failed=False, packages_skip_build_finished=False, packages_select_test_failures=False, packages_skip_test_passed=False, packages_select=['stereoCam'], packages_skip=None, packages_select_regex=None, packages_skip_regex=None, packages_start=None, packages_end=None, allow_overriding=[], cmake_args=None, cmake_target=None, cmake_target_skip_unavailable=False, cmake_clean_cache=False, cmake_clean_first=False, cmake_force_configure=False, ament_cmake_args=None, catkin_cmake_args=None, catkin_skip_building_tests=False, mixin_files=None, mixin=None, verb_parser=<colcon_mixin.mixin.mixin_argument.MixinArgumentDecorator object at 0x71eb5e7236d0>, verb_extension=<colcon_core.verb.build.BuildVerb object at 0x71eb5e723160>, main=<bound method BuildVerb.main of <colcon_core.verb.build.BuildVerb object at 0x71eb5e723160>>, mixin_verb=('build',))
[0.158s] Level 1:colcon.colcon_core.package_discovery:discover_packages(colcon_meta) check parameters
[0.158s] Level 1:colcon.colcon_core.package_discovery:discover_packages(recursive) check parameters
[0.158s] Level 1:colcon.colcon_core.package_discovery:discover_packages(ignore) check parameters
[0.158s] Level 1:colcon.colcon_core.package_discovery:discover_packages(path) check parameters
[0.158s] Level 1:colcon.colcon_core.package_discovery:discover_packages(colcon_meta) discover
[0.158s] Level 1:colcon.colcon_core.package_discovery:discover_packages(recursive) discover
[0.158s] INFO:colcon.colcon_core.package_discovery:Crawling recursively for packages in '/home/deeric/belajar-ROS/ros2_ws'
[0.158s] Level 1:colcon.colcon_core.package_identification:_identify(.) by extensions ['ignore', 'ignore_ament_install']
[0.159s] Level 1:colcon.colcon_core.package_identification:_identify(.) by extension 'ignore'
[0.159s] Level 1:colcon.colcon_core.package_identification:_identify(.) by extension 'ignore_ament_install'
[0.159s] Level 1:colcon.colcon_core.package_identification:_identify(.) by extensions ['colcon_pkg']
[0.159s] Level 1:colcon.colcon_core.package_identification:_identify(.) by extension 'colcon_pkg'
[0.159s] Level 1:colcon.colcon_core.package_identification:_identify(.) by extensions ['colcon_meta']
[0.159s] Level 1:colcon.colcon_core.package_identification:_identify(.) by extension 'colcon_meta'
[0.159s] Level 1:colcon.colcon_core.package_identification:_identify(.) by extensions ['ros']
[0.159s] Level 1:colcon.colcon_core.package_identification:_identify(.) by extension 'ros'
[0.166s] Level 1:colcon.colcon_core.package_identification:_identify(.) by extensions ['cmake', 'python']
[0.166s] Level 1:colcon.colcon_core.package_identification:_identify(.) by extension 'cmake'
[0.166s] Level 1:colcon.colcon_core.package_identification:_identify(.) by extension 'python'
[0.166s] Level 1:colcon.colcon_core.package_identification:_identify(.) by extensions ['python_setup_py']
[0.166s] Level 1:colcon.colcon_core.package_identification:_identify(.) by extension 'python_setup_py'
[0.166s] Level 1:colcon.colcon_core.package_identification:_identify(build) by extensions ['ignore', 'ignore_ament_install']
[0.166s] Level 1:colcon.colcon_core.package_identification:_identify(build) by extension 'ignore'
[0.166s] Level 1:colcon.colcon_core.package_identification:_identify(build) ignored
[0.166s] Level 1:colcon.colcon_core.package_identification:_identify(install) by extensions ['ignore', 'ignore_ament_install']
[0.166s] Level 1:colcon.colcon_core.package_identification:_identify(install) by extension 'ignore'
[0.166s] Level 1:colcon.colcon_core.package_identification:_identify(install) ignored
[0.166s] Level 1:colcon.colcon_core.package_identification:_identify(log) by extensions ['ignore', 'ignore_ament_install']
[0.166s] Level 1:colcon.colcon_core.package_identification:_identify(log) by extension 'ignore'
[0.166s] Level 1:colcon.colcon_core.package_identification:_identify(log) ignored
[0.166s] Level 1:colcon.colcon_core.package_identification:_identify(src) by extensions ['ignore', 'ignore_ament_install']
[0.166s] Level 1:colcon.colcon_core.package_identification:_identify(src) by extension 'ignore'
[0.166s] Level 1:colcon.colcon_core.package_identification:_identify(src) by extension 'ignore_ament_install'
[0.166s] Level 1:colcon.colcon_core.package_identification:_identify(src) by extensions ['colcon_pkg']
[0.166s] Level 1:colcon.colcon_core.package_identification:_identify(src) by extension 'colcon_pkg'
[0.166s] Level 1:colcon.colcon_core.package_identification:_identify(src) by extensions ['colcon_meta']
[0.167s] Level 1:colcon.colcon_core.package_identification:_identify(src) by extension 'colcon_meta'
[0.167s] Level 1:colcon.colcon_core.package_identification:_identify(src) by extensions ['ros']
[0.167s] Level 1:colcon.colcon_core.package_identification:_identify(src) by extension 'ros'
[0.167s] Level 1:colcon.colcon_core.package_identification:_identify(src) by extensions ['cmake', 'python']
[0.167s] Level 1:colcon.colcon_core.package_identification:_identify(src) by extension 'cmake'
[0.167s] Level 1:colcon.colcon_core.package_identification:_identify(src) by extension 'python'
[0.167s] Level 1:colcon.colcon_core.package_identification:_identify(src) by extensions ['python_setup_py']
[0.167s] Level 1:colcon.colcon_core.package_identification:_identify(src) by extension 'python_setup_py'
[0.167s] Level 1:colcon.colcon_core.package_identification:_identify(src/px4_msgs) by extensions ['ignore', 'ignore_ament_install']
[0.167s] Level 1:colcon.colcon_core.package_identification:_identify(src/px4_msgs) by extension 'ignore'
[0.167s] Level 1:colcon.colcon_core.package_identification:_identify(src/px4_msgs) by extension 'ignore_ament_install'
[0.167s] Level 1:colcon.colcon_core.package_identification:_identify(src/px4_msgs) by extensions ['colcon_pkg']
[0.167s] Level 1:colcon.colcon_core.package_identification:_identify(src/px4_msgs) by extension 'colcon_pkg'
[0.167s] Level 1:colcon.colcon_core.package_identification:_identify(src/px4_msgs) by extensions ['colcon_meta']
[0.167s] Level 1:colcon.colcon_core.package_identification:_identify(src/px4_msgs) by extension 'colcon_meta'
[0.167s] Level 1:colcon.colcon_core.package_identification:_identify(src/px4_msgs) by extensions ['ros']
[0.167s] Level 1:colcon.colcon_core.package_identification:_identify(src/px4_msgs) by extension 'ros'
[0.168s] DEBUG:colcon.colcon_core.package_identification:Package 'src/px4_msgs' with type 'ros.ament_cmake' and name 'px4_msgs'
[0.169s] Level 1:colcon.colcon_core.package_identification:_identify(src/px4_ros_com) by extensions ['ignore', 'ignore_ament_install']
[0.169s] Level 1:colcon.colcon_core.package_identification:_identify(src/px4_ros_com) by extension 'ignore'
[0.169s] Level 1:colcon.colcon_core.package_identification:_identify(src/px4_ros_com) by extension 'ignore_ament_install'
[0.169s] Level 1:colcon.colcon_core.package_identification:_identify(src/px4_ros_com) by extensions ['colcon_pkg']
[0.169s] Level 1:colcon.colcon_core.package_identification:_identify(src/px4_ros_com) by extension 'colcon_pkg'
[0.169s] Level 1:colcon.colcon_core.package_identification:_identify(src/px4_ros_com) by extensions ['colcon_meta']
[0.169s] Level 1:colcon.colcon_core.package_identification:_identify(src/px4_ros_com) by extension 'colcon_meta'
[0.169s] Level 1:colcon.colcon_core.package_identification:_identify(src/px4_ros_com) by extensions ['ros']
[0.169s] Level 1:colcon.colcon_core.package_identification:_identify(src/px4_ros_com) by extension 'ros'
[0.169s] DEBUG:colcon.colcon_core.package_identification:Package 'src/px4_ros_com' with type 'ros.ament_cmake' and name 'px4_ros_com'
[0.170s] Level 1:colcon.colcon_core.package_identification:_identify(src/stereoCam) by extensions ['ignore', 'ignore_ament_install']
[0.170s] Level 1:colcon.colcon_core.package_identification:_identify(src/stereoCam) by extension 'ignore'
[0.170s] Level 1:colcon.colcon_core.package_identification:_identify(src/stereoCam) by extension 'ignore_ament_install'
[0.170s] Level 1:colcon.colcon_core.package_identification:_identify(src/stereoCam) by extensions ['colcon_pkg']
[0.170s] Level 1:colcon.colcon_core.package_identification:_identify(src/stereoCam) by extension 'colcon_pkg'
[0.170s] Level 1:colcon.colcon_core.package_identification:_identify(src/stereoCam) by extensions ['colcon_meta']
[0.170s] Level 1:colcon.colcon_core.package_identification:_identify(src/stereoCam) by extension 'colcon_meta'
[0.170s] Level 1:colcon.colcon_core.package_identification:_identify(src/stereoCam) by extensions ['ros']
[0.170s] Level 1:colcon.colcon_core.package_identification:_identify(src/stereoCam) by extension 'ros'
[0.170s] DEBUG:colcon.colcon_core.package_identification:Package 'src/stereoCam' with type 'ros.ament_python' and name 'stereoCam'
[0.170s] Level 1:colcon.colcon_core.package_discovery:discover_packages(recursive) using defaults
[0.170s] Level 1:colcon.colcon_core.package_discovery:discover_packages(ignore) discover
[0.170s] Level 1:colcon.colcon_core.package_discovery:discover_packages(ignore) using defaults
[0.170s] Level 1:colcon.colcon_core.package_discovery:discover_packages(path) discover
[0.170s] Level 1:colcon.colcon_core.package_discovery:discover_packages(path) using defaults
[0.192s] INFO:colcon.colcon_core.package_selection:Skipping not selected package 'px4_msgs' in 'src/px4_msgs'
[0.192s] INFO:colcon.colcon_core.package_selection:Skipping not selected package 'px4_ros_com' in 'src/px4_ros_com'
[0.192s] Level 1:colcon.colcon_core.package_discovery:discover_packages(prefix_path) check parameters
[0.192s] Level 1:colcon.colcon_core.package_discovery:discover_packages(prefix_path) discover
[0.193s] WARNING:colcon.colcon_ros.prefix_path.ament:The path '/home/deeric/belajar-ROS/ros2_ws/install/stereo-cam' in the environment variable AMENT_PREFIX_PATH doesn't exist
[0.193s] DEBUG:colcon.colcon_installed_package_information.package_discovery:Found 3 installed packages in /home/deeric/belajar-ROS/ros2_ws/install
[0.193s] DEBUG:colcon.colcon_installed_package_information.package_discovery:Found 1 installed packages in /home/deeric/belajar-ROS/Decawave-ros-data-sim/install
[0.194s] DEBUG:colcon.colcon_installed_package_information.package_discovery:Found 326 installed packages in /opt/ros/humble
[0.195s] Level 1:colcon.colcon_core.package_discovery:discover_packages(prefix_path) using defaults
[0.219s] Level 5:colcon.colcon_core.verb:set package 'stereoCam' build argument 'cmake_args' from command line to 'None'
[0.219s] Level 5:colcon.colcon_core.verb:set package 'stereoCam' build argument 'cmake_target' from command line to 'None'
[0.219s] Level 5:colcon.colcon_core.verb:set package 'stereoCam' build argument 'cmake_target_skip_unavailable' from command line to 'False'
[0.219s] Level 5:colcon.colcon_core.verb:set package 'stereoCam' build argument 'cmake_clean_cache' from command line to 'False'
[0.219s] Level 5:colcon.colcon_core.verb:set package 'stereoCam' build argument 'cmake_clean_first' from command line to 'False'
[0.219s] Level 5:colcon.colcon_core.verb:set package 'stereoCam' build argument 'cmake_force_configure' from command line to 'False'
[0.219s] Level 5:colcon.colcon_core.verb:set package 'stereoCam' build argument 'ament_cmake_args' from command line to 'None'
[0.219s] Level 5:colcon.colcon_core.verb:set package 'stereoCam' build argument 'catkin_cmake_args' from command line to 'None'
[0.219s] Level 5:colcon.colcon_core.verb:set package 'stereoCam' build argument 'catkin_skip_building_tests' from command line to 'False'
[0.219s] DEBUG:colcon.colcon_core.verb:Building package 'stereoCam' with the following arguments: {'ament_cmake_args': None, 'build_base': '/home/deeric/belajar-ROS/ros2_ws/build/stereoCam', 'catkin_cmake_args': None, 'catkin_skip_building_tests': False, 'cmake_args': None, 'cmake_clean_cache': False, 'cmake_clean_first': False, 'cmake_force_configure': False, 'cmake_target': None, 'cmake_target_skip_unavailable': False, 'install_base': '/home/deeric/belajar-ROS/ros2_ws/install/stereoCam', 'merge_install': False, 'path': '/home/deeric/belajar-ROS/ros2_ws/src/stereoCam', 'symlink_install': False, 'test_result_base': None}
[0.219s] INFO:colcon.colcon_core.executor:Executing jobs using 'parallel' executor
[0.220s] DEBUG:colcon.colcon_parallel_executor.executor.parallel:run_until_complete
[0.220s] INFO:colcon.colcon_ros.task.ament_python.build:Building ROS package in '/home/deeric/belajar-ROS/ros2_ws/src/stereoCam' with build type 'ament_python'
[0.220s] Level 1:colcon.colcon_core.shell:create_environment_hook('stereoCam', 'ament_prefix_path')
[0.222s] INFO:colcon.colcon_core.plugin_system:Skipping extension 'colcon_core.shell.bat': Not used on non-Windows systems
[0.222s] INFO:colcon.colcon_core.shell:Creating environment hook '/home/deeric/belajar-ROS/ros2_ws/install/stereoCam/share/stereoCam/hook/ament_prefix_path.ps1'
[0.222s] INFO:colcon.colcon_core.shell:Creating environment descriptor '/home/deeric/belajar-ROS/ros2_ws/install/stereoCam/share/stereoCam/hook/ament_prefix_path.dsv'
[0.222s] INFO:colcon.colcon_core.shell:Creating environment hook '/home/deeric/belajar-ROS/ros2_ws/install/stereoCam/share/stereoCam/hook/ament_prefix_path.sh'
[0.223s] INFO:colcon.colcon_core.shell:Skip shell extension 'powershell' for command environment: Not usable outside of PowerShell
[0.223s] DEBUG:colcon.colcon_core.shell:Skip shell extension 'dsv' for command environment
[0.375s] INFO:colcon.colcon_core.task.python.build:Building Python package in '/home/deeric/belajar-ROS/ros2_ws/src/stereoCam'
[0.376s] INFO:colcon.colcon_core.shell:Skip shell extension 'powershell' for command environment: Not usable outside of PowerShell
[0.376s] DEBUG:colcon.colcon_core.shell:Skip shell extension 'dsv' for command environment
[0.592s] DEBUG:colcon.colcon_core.event_handler.log_command:Invoking command in '/home/deeric/belajar-ROS/ros2_ws/src/stereoCam': PS1=[\u\]$ PYTHONPATH=/home/deeric/belajar-ROS/ros2_ws/build/stereoCam/prefix_override:/usr/lib/python3/dist-packages/colcon_core/task/python/colcon_distutils_commands:/home/deeric/belajar-ROS/ros2_ws/install/stereoCam/lib/python3.10/site-packages:${PYTHONPATH} /usr/bin/python3 -W ignore:setup.py install is deprecated -W ignore:easy_install command is deprecated setup.py egg_info --egg-base ../../build/stereoCam build --build-base /home/deeric/belajar-ROS/ros2_ws/build/stereoCam/build install --record /home/deeric/belajar-ROS/ros2_ws/build/stereoCam/install.log --single-version-externally-managed install_data
[0.762s] DEBUG:colcon.colcon_core.event_handler.log_command:Invoked command in '/home/deeric/belajar-ROS/ros2_ws/src/stereoCam' returned '0': PS1=[\u\]$ PYTHONPATH=/home/deeric/belajar-ROS/ros2_ws/build/stereoCam/prefix_override:/usr/lib/python3/dist-packages/colcon_core/task/python/colcon_distutils_commands:/home/deeric/belajar-ROS/ros2_ws/install/stereoCam/lib/python3.10/site-packages:${PYTHONPATH} /usr/bin/python3 -W ignore:setup.py install is deprecated -W ignore:easy_install command is deprecated setup.py egg_info --egg-base ../../build/stereoCam build --build-base /home/deeric/belajar-ROS/ros2_ws/build/stereoCam/build install --record /home/deeric/belajar-ROS/ros2_ws/build/stereoCam/install.log --single-version-externally-managed install_data
[0.767s] Level 1:colcon.colcon_core.environment:checking '/home/deeric/belajar-ROS/ros2_ws/install/stereoCam' for CMake module files
[0.767s] Level 1:colcon.colcon_core.environment:checking '/home/deeric/belajar-ROS/ros2_ws/install/stereoCam' for CMake config files
[0.768s] Level 1:colcon.colcon_core.environment:checking '/home/deeric/belajar-ROS/ros2_ws/install/stereoCam/lib'
[0.768s] Level 1:colcon.colcon_core.environment:checking '/home/deeric/belajar-ROS/ros2_ws/install/stereoCam/bin'
[0.768s] Level 1:colcon.colcon_core.environment:checking '/home/deeric/belajar-ROS/ros2_ws/install/stereoCam/lib/pkgconfig/stereoCam.pc'
[0.769s] Level 1:colcon.colcon_core.environment:checking '/home/deeric/belajar-ROS/ros2_ws/install/stereoCam/lib/python3.10/site-packages'
[0.769s] Level 1:colcon.colcon_core.shell:create_environment_hook('stereoCam', 'pythonpath')
[0.769s] INFO:colcon.colcon_core.shell:Creating environment hook '/home/deeric/belajar-ROS/ros2_ws/install/stereoCam/share/stereoCam/hook/pythonpath.ps1'
[0.769s] INFO:colcon.colcon_core.shell:Creating environment descriptor '/home/deeric/belajar-ROS/ros2_ws/install/stereoCam/share/stereoCam/hook/pythonpath.dsv'
[0.770s] INFO:colcon.colcon_core.shell:Creating environment hook '/home/deeric/belajar-ROS/ros2_ws/install/stereoCam/share/stereoCam/hook/pythonpath.sh'
[0.770s] Level 1:colcon.colcon_core.environment:checking '/home/deeric/belajar-ROS/ros2_ws/install/stereoCam/bin'
[0.770s] Level 1:colcon.colcon_core.environment:create_environment_scripts_only(stereoCam)
[0.771s] INFO:colcon.colcon_core.shell:Creating package script '/home/deeric/belajar-ROS/ros2_ws/install/stereoCam/share/stereoCam/package.ps1'
[0.772s] INFO:colcon.colcon_core.shell:Creating package descriptor '/home/deeric/belajar-ROS/ros2_ws/install/stereoCam/share/stereoCam/package.dsv'
[0.772s] INFO:colcon.colcon_core.shell:Creating package script '/home/deeric/belajar-ROS/ros2_ws/install/stereoCam/share/stereoCam/package.sh'
[0.773s] INFO:colcon.colcon_core.shell:Creating package script '/home/deeric/belajar-ROS/ros2_ws/install/stereoCam/share/stereoCam/package.bash'
[0.774s] INFO:colcon.colcon_core.shell:Creating package script '/home/deeric/belajar-ROS/ros2_ws/install/stereoCam/share/stereoCam/package.zsh'
[0.774s] Level 1:colcon.colcon_core.environment:create_file_with_runtime_dependencies(/home/deeric/belajar-ROS/ros2_ws/install/stereoCam/share/colcon-core/packages/stereoCam)
[0.775s] DEBUG:colcon.colcon_parallel_executor.executor.parallel:closing loop
[0.775s] DEBUG:colcon.colcon_parallel_executor.executor.parallel:loop closed
[0.775s] DEBUG:colcon.colcon_parallel_executor.executor.parallel:run_until_complete finished with '0'
[0.775s] DEBUG:colcon.colcon_core.event_reactor:joining thread
[0.778s] INFO:colcon.colcon_core.plugin_system:Skipping extension 'colcon_notification.desktop_notification.notify_send': Could not find 'notify-send'
[0.779s] INFO:colcon.colcon_core.plugin_system:Skipping extension 'colcon_notification.desktop_notification.terminal_notifier': Not used on non-Darwin systems
[0.779s] INFO:colcon.colcon_core.plugin_system:Skipping extension 'colcon_notification.desktop_notification.win32': Not used on non-Windows systems
[0.779s] INFO:colcon.colcon_notification.desktop_notification:Sending desktop notification using 'notify2'
[0.779s] DEBUG:colcon.colcon_notification.desktop_notification.notify2:Failed to initialize notify2: org.freedesktop.DBus.Error.ServiceUnknown: The name org.freedesktop.Notifications was not provided by any .service files
[0.779s] DEBUG:colcon.colcon_core.event_reactor:joined thread
[0.780s] INFO:colcon.colcon_core.shell:Creating prefix script '/home/deeric/belajar-ROS/ros2_ws/install/local_setup.ps1'
[0.781s] INFO:colcon.colcon_core.shell:Creating prefix util module '/home/deeric/belajar-ROS/ros2_ws/install/_local_setup_util_ps1.py'
[0.783s] INFO:colcon.colcon_core.shell:Creating prefix chain script '/home/deeric/belajar-ROS/ros2_ws/install/setup.ps1'
[0.784s] INFO:colcon.colcon_core.shell:Creating prefix script '/home/deeric/belajar-ROS/ros2_ws/install/local_setup.sh'
[0.785s] INFO:colcon.colcon_core.shell:Creating prefix util module '/home/deeric/belajar-ROS/ros2_ws/install/_local_setup_util_sh.py'
[0.785s] INFO:colcon.colcon_core.shell:Creating prefix chain script '/home/deeric/belajar-ROS/ros2_ws/install/setup.sh'
[0.786s] INFO:colcon.colcon_core.shell:Creating prefix script '/home/deeric/belajar-ROS/ros2_ws/install/local_setup.bash'
[0.787s] INFO:colcon.colcon_core.shell:Creating prefix chain script '/home/deeric/belajar-ROS/ros2_ws/install/setup.bash'
[0.787s] INFO:colcon.colcon_core.shell:Creating prefix script '/home/deeric/belajar-ROS/ros2_ws/install/local_setup.zsh'
[0.788s] INFO:colcon.colcon_core.shell:Creating prefix chain script '/home/deeric/belajar-ROS/ros2_ws/install/setup.zsh'
