running egg_info
creating ../../build/stereoCam/stereoCam.egg-info
writing ../../build/stereoCam/stereoCam.egg-info/PKG-INFO
writing dependency_links to ../../build/stereoCam/stereoCam.egg-info/dependency_links.txt
writing entry points to ../../build/stereoCam/stereoCam.egg-info/entry_points.txt
writing requirements to ../../build/stereoCam/stereoCam.egg-info/requires.txt
writing top-level names to ../../build/stereoCam/stereoCam.egg-info/top_level.txt
writing manifest file '../../build/stereoCam/stereoCam.egg-info/SOURCES.txt'
reading manifest file '../../build/stereoCam/stereoCam.egg-info/SOURCES.txt'
adding license file 'LICENSE'
writing manifest file '../../build/stereoCam/stereoCam.egg-info/SOURCES.txt'
running build
running build_py
creating /home/deeric/belajar-ROS/ros2_ws/build/stereoCam/build
creating /home/deeric/belajar-ROS/ros2_ws/build/stereoCam/build/lib
creating /home/deeric/belajar-ROS/ros2_ws/build/stereoCam/build/lib/stereoCam
copying stereoCam/publisher.py -> /home/deeric/belajar-ROS/ros2_ws/build/stereoCam/build/lib/stereoCam
copying stereoCam/__init__.py -> /home/deeric/belajar-ROS/ros2_ws/build/stereoCam/build/lib/stereoCam
running install
running install_lib
creating /home/deeric/belajar-ROS/ros2_ws/install/stereoCam/lib/python3.10/site-packages/stereoCam
copying /home/deeric/belajar-ROS/ros2_ws/build/stereoCam/build/lib/stereoCam/publisher.py -> /home/deeric/belajar-ROS/ros2_ws/install/stereoCam/lib/python3.10/site-packages/stereoCam
copying /home/deeric/belajar-ROS/ros2_ws/build/stereoCam/build/lib/stereoCam/__init__.py -> /home/deeric/belajar-ROS/ros2_ws/install/stereoCam/lib/python3.10/site-packages/stereoCam
byte-compiling /home/deeric/belajar-ROS/ros2_ws/install/stereoCam/lib/python3.10/site-packages/stereoCam/publisher.py to publisher.cpython-310.pyc
byte-compiling /home/deeric/belajar-ROS/ros2_ws/install/stereoCam/lib/python3.10/site-packages/stereoCam/__init__.py to __init__.cpython-310.pyc
running install_data
creating /home/deeric/belajar-ROS/ros2_ws/install/stereoCam/share/ament_index
creating /home/deeric/belajar-ROS/ros2_ws/install/stereoCam/share/ament_index/resource_index
creating /home/deeric/belajar-ROS/ros2_ws/install/stereoCam/share/ament_index/resource_index/packages
copying resource/stereoCam -> /home/deeric/belajar-ROS/ros2_ws/install/stereoCam/share/ament_index/resource_index/packages
copying package.xml -> /home/deeric/belajar-ROS/ros2_ws/install/stereoCam/share/stereoCam
running install_egg_info
Copying ../../build/stereoCam/stereoCam.egg-info to /home/deeric/belajar-ROS/ros2_ws/install/stereoCam/lib/python3.10/site-packages/stereoCam-0.0.0-py3.10.egg-info
running install_scripts
Installing publisher script to /home/deeric/belajar-ROS/ros2_ws/install/stereoCam/lib/stereoCam
writing list of installed files to '/home/deeric/belajar-ROS/ros2_ws/build/stereoCam/install.log'
