[0.397s] Invoking command in '/home/deeric/belajar-ROS/ros2_ws/src/state_publisher': PS1=[\u\]$ PYTHONPATH=/home/deeric/belajar-ROS/ros2_ws/build/state_publisher/prefix_override:/usr/lib/python3/dist-packages/colcon_core/task/python/colcon_distutils_commands:/home/deeric/belajar-ROS/ros2_ws/install/state_publisher/lib/python3.10/site-packages:${PYTHONPATH} /usr/bin/python3 -W ignore:setup.py install is deprecated -W ignore:easy_install command is deprecated setup.py egg_info --egg-base ../../build/state_publisher build --build-base /home/deeric/belajar-ROS/ros2_ws/build/state_publisher/build install --record /home/deeric/belajar-ROS/ros2_ws/build/state_publisher/install.log --single-version-externally-managed install_data
[0.546s] running egg_info
[0.547s] creating ../../build/state_publisher/state_publisher.egg-info
[0.547s] writing ../../build/state_publisher/state_publisher.egg-info/PKG-INFO
[0.547s] writing dependency_links to ../../build/state_publisher/state_publisher.egg-info/dependency_links.txt
[0.547s] writing entry points to ../../build/state_publisher/state_publisher.egg-info/entry_points.txt
[0.547s] writing requirements to ../../build/state_publisher/state_publisher.egg-info/requires.txt
[0.547s] writing top-level names to ../../build/state_publisher/state_publisher.egg-info/top_level.txt
[0.547s] writing manifest file '../../build/state_publisher/state_publisher.egg-info/SOURCES.txt'
[0.548s] reading manifest file '../../build/state_publisher/state_publisher.egg-info/SOURCES.txt'
[0.548s] adding license file 'LICENSE'
[0.549s] writing manifest file '../../build/state_publisher/state_publisher.egg-info/SOURCES.txt'
[0.549s] running build
[0.549s] running build_py
[0.549s] creating /home/deeric/belajar-ROS/ros2_ws/build/state_publisher/build
[0.549s] creating /home/deeric/belajar-ROS/ros2_ws/build/state_publisher/build/lib
[0.549s] creating /home/deeric/belajar-ROS/ros2_ws/build/state_publisher/build/lib/state_publisher
[0.549s] copying state_publisher/__init__.py -> /home/deeric/belajar-ROS/ros2_ws/build/state_publisher/build/lib/state_publisher
[0.549s] copying state_publisher/state_publisher.py -> /home/deeric/belajar-ROS/ros2_ws/build/state_publisher/build/lib/state_publisher
[0.549s] running install
[0.549s] running install_lib
[0.550s] creating /home/deeric/belajar-ROS/ros2_ws/install/state_publisher/lib/python3.10/site-packages/state_publisher
[0.550s] copying /home/deeric/belajar-ROS/ros2_ws/build/state_publisher/build/lib/state_publisher/__init__.py -> /home/deeric/belajar-ROS/ros2_ws/install/state_publisher/lib/python3.10/site-packages/state_publisher
[0.550s] copying /home/deeric/belajar-ROS/ros2_ws/build/state_publisher/build/lib/state_publisher/state_publisher.py -> /home/deeric/belajar-ROS/ros2_ws/install/state_publisher/lib/python3.10/site-packages/state_publisher
[0.550s] byte-compiling /home/deeric/belajar-ROS/ros2_ws/install/state_publisher/lib/python3.10/site-packages/state_publisher/__init__.py to __init__.cpython-310.pyc
[0.550s] byte-compiling /home/deeric/belajar-ROS/ros2_ws/install/state_publisher/lib/python3.10/site-packages/state_publisher/state_publisher.py to state_publisher.cpython-310.pyc
[0.551s] running install_data
[0.551s] creating /home/deeric/belajar-ROS/ros2_ws/install/state_publisher/share/ament_index
[0.551s] creating /home/deeric/belajar-ROS/ros2_ws/install/state_publisher/share/ament_index/resource_index
[0.551s] creating /home/deeric/belajar-ROS/ros2_ws/install/state_publisher/share/ament_index/resource_index/packages
[0.551s] copying resource/state_publisher -> /home/deeric/belajar-ROS/ros2_ws/install/state_publisher/share/ament_index/resource_index/packages
[0.551s] copying package.xml -> /home/deeric/belajar-ROS/ros2_ws/install/state_publisher/share/state_publisher
[0.551s] creating /home/deeric/belajar-ROS/ros2_ws/install/state_publisher/share/state_publisher/launch
[0.551s] copying launch/demo.launch.py -> /home/deeric/belajar-ROS/ros2_ws/install/state_publisher/share/state_publisher/launch
[0.551s] copying urdf/r2d2.rviz -> /home/deeric/belajar-ROS/ros2_ws/install/state_publisher/share/state_publisher
[0.552s] copying urdf/r2d2.urdf.xml -> /home/deeric/belajar-ROS/ros2_ws/install/state_publisher/share/state_publisher
[0.552s] running install_egg_info
[0.552s] Copying ../../build/state_publisher/state_publisher.egg-info to /home/deeric/belajar-ROS/ros2_ws/install/state_publisher/lib/python3.10/site-packages/state_publisher-0.0.0-py3.10.egg-info
[0.553s] running install_scripts
[0.568s] Installing state_publisher script to /home/deeric/belajar-ROS/ros2_ws/install/state_publisher/lib/state_publisher
[0.568s] writing list of installed files to '/home/deeric/belajar-ROS/ros2_ws/build/state_publisher/install.log'
[0.591s] Invoked command in '/home/deeric/belajar-ROS/ros2_ws/src/state_publisher' returned '0': PS1=[\u\]$ PYTHONPATH=/home/deeric/belajar-ROS/ros2_ws/build/state_publisher/prefix_override:/usr/lib/python3/dist-packages/colcon_core/task/python/colcon_distutils_commands:/home/deeric/belajar-ROS/ros2_ws/install/state_publisher/lib/python3.10/site-packages:${PYTHONPATH} /usr/bin/python3 -W ignore:setup.py install is deprecated -W ignore:easy_install command is deprecated setup.py egg_info --egg-base ../../build/state_publisher build --build-base /home/deeric/belajar-ROS/ros2_ws/build/state_publisher/build install --record /home/deeric/belajar-ROS/ros2_ws/build/state_publisher/install.log --single-version-externally-managed install_data
