[0.071s] DEBUG:colcon:Command line arguments: ['/usr/bin/colcon', 'build']
[0.071s] DEBUG:colcon:Parsed command line arguments: Namespace(log_base=None, log_level=None, verb_name='build', build_base='build', install_base='install', merge_install=False, symlink_install=False, test_result_base=None, continue_on_error=False, executor='parallel', parallel_workers=12, event_handlers=None, ignore_user_meta=False, metas=['./colcon.meta'], base_paths=['.'], packages_ignore=None, packages_ignore_regex=None, paths=None, packages_up_to=None, packages_up_to_regex=None, packages_above=None, packages_above_and_dependencies=None, packages_above_depth=None, packages_select_by_dep=None, packages_skip_by_dep=None, packages_skip_up_to=None, packages_select_build_failed=False, packages_skip_build_finished=False, packages_select_test_failures=False, packages_skip_test_passed=False, packages_select=None, packages_skip=None, packages_select_regex=None, packages_skip_regex=None, packages_start=None, packages_end=None, allow_overriding=[], cmake_args=None, cmake_target=None, cmake_target_skip_unavailable=False, cmake_clean_cache=False, cmake_clean_first=False, cmake_force_configure=False, ament_cmake_args=None, catkin_cmake_args=None, catkin_skip_building_tests=False, mixin_files=None, mixin=None, verb_parser=<colcon_mixin.mixin.mixin_argument.MixinArgumentDecorator object at 0x7e80498f7730>, verb_extension=<colcon_core.verb.build.BuildVerb object at 0x7e80498f71c0>, main=<bound method BuildVerb.main of <colcon_core.verb.build.BuildVerb object at 0x7e80498f71c0>>, mixin_verb=('build',))
[0.169s] Level 1:colcon.colcon_core.package_discovery:discover_packages(colcon_meta) check parameters
[0.169s] Level 1:colcon.colcon_core.package_discovery:discover_packages(recursive) check parameters
[0.169s] Level 1:colcon.colcon_core.package_discovery:discover_packages(ignore) check parameters
[0.169s] Level 1:colcon.colcon_core.package_discovery:discover_packages(path) check parameters
[0.169s] Level 1:colcon.colcon_core.package_discovery:discover_packages(colcon_meta) discover
[0.169s] Level 1:colcon.colcon_core.package_discovery:discover_packages(recursive) discover
[0.169s] INFO:colcon.colcon_core.package_discovery:Crawling recursively for packages in '/home/deeric/belajar-ROS/ros2_ws'
[0.169s] Level 1:colcon.colcon_core.package_identification:_identify(.) by extensions ['ignore', 'ignore_ament_install']
[0.169s] Level 1:colcon.colcon_core.package_identification:_identify(.) by extension 'ignore'
[0.169s] Level 1:colcon.colcon_core.package_identification:_identify(.) by extension 'ignore_ament_install'
[0.169s] Level 1:colcon.colcon_core.package_identification:_identify(.) by extensions ['colcon_pkg']
[0.169s] Level 1:colcon.colcon_core.package_identification:_identify(.) by extension 'colcon_pkg'
[0.169s] Level 1:colcon.colcon_core.package_identification:_identify(.) by extensions ['colcon_meta']
[0.169s] Level 1:colcon.colcon_core.package_identification:_identify(.) by extension 'colcon_meta'
[0.169s] Level 1:colcon.colcon_core.package_identification:_identify(.) by extensions ['ros']
[0.169s] Level 1:colcon.colcon_core.package_identification:_identify(.) by extension 'ros'
[0.176s] Level 1:colcon.colcon_core.package_identification:_identify(.) by extensions ['cmake', 'python']
[0.176s] Level 1:colcon.colcon_core.package_identification:_identify(.) by extension 'cmake'
[0.177s] Level 1:colcon.colcon_core.package_identification:_identify(.) by extension 'python'
[0.177s] Level 1:colcon.colcon_core.package_identification:_identify(.) by extensions ['python_setup_py']
[0.177s] Level 1:colcon.colcon_core.package_identification:_identify(.) by extension 'python_setup_py'
[0.177s] Level 1:colcon.colcon_core.package_identification:_identify(build) by extensions ['ignore', 'ignore_ament_install']
[0.177s] Level 1:colcon.colcon_core.package_identification:_identify(build) by extension 'ignore'
[0.177s] Level 1:colcon.colcon_core.package_identification:_identify(build) ignored
[0.177s] Level 1:colcon.colcon_core.package_identification:_identify(install) by extensions ['ignore', 'ignore_ament_install']
[0.177s] Level 1:colcon.colcon_core.package_identification:_identify(install) by extension 'ignore'
[0.177s] Level 1:colcon.colcon_core.package_identification:_identify(install) ignored
[0.177s] Level 1:colcon.colcon_core.package_identification:_identify(log) by extensions ['ignore', 'ignore_ament_install']
[0.177s] Level 1:colcon.colcon_core.package_identification:_identify(log) by extension 'ignore'
[0.177s] Level 1:colcon.colcon_core.package_identification:_identify(log) ignored
[0.177s] Level 1:colcon.colcon_core.package_identification:_identify(src) by extensions ['ignore', 'ignore_ament_install']
[0.177s] Level 1:colcon.colcon_core.package_identification:_identify(src) by extension 'ignore'
[0.177s] Level 1:colcon.colcon_core.package_identification:_identify(src) by extension 'ignore_ament_install'
[0.177s] Level 1:colcon.colcon_core.package_identification:_identify(src) by extensions ['colcon_pkg']
[0.177s] Level 1:colcon.colcon_core.package_identification:_identify(src) by extension 'colcon_pkg'
[0.177s] Level 1:colcon.colcon_core.package_identification:_identify(src) by extensions ['colcon_meta']
[0.177s] Level 1:colcon.colcon_core.package_identification:_identify(src) by extension 'colcon_meta'
[0.177s] Level 1:colcon.colcon_core.package_identification:_identify(src) by extensions ['ros']
[0.177s] Level 1:colcon.colcon_core.package_identification:_identify(src) by extension 'ros'
[0.177s] Level 1:colcon.colcon_core.package_identification:_identify(src) by extensions ['cmake', 'python']
[0.177s] Level 1:colcon.colcon_core.package_identification:_identify(src) by extension 'cmake'
[0.177s] Level 1:colcon.colcon_core.package_identification:_identify(src) by extension 'python'
[0.177s] Level 1:colcon.colcon_core.package_identification:_identify(src) by extensions ['python_setup_py']
[0.177s] Level 1:colcon.colcon_core.package_identification:_identify(src) by extension 'python_setup_py'
[0.177s] Level 1:colcon.colcon_core.package_identification:_identify(src/px4_msgs) by extensions ['ignore', 'ignore_ament_install']
[0.177s] Level 1:colcon.colcon_core.package_identification:_identify(src/px4_msgs) by extension 'ignore'
[0.177s] Level 1:colcon.colcon_core.package_identification:_identify(src/px4_msgs) by extension 'ignore_ament_install'
[0.177s] Level 1:colcon.colcon_core.package_identification:_identify(src/px4_msgs) by extensions ['colcon_pkg']
[0.177s] Level 1:colcon.colcon_core.package_identification:_identify(src/px4_msgs) by extension 'colcon_pkg'
[0.177s] Level 1:colcon.colcon_core.package_identification:_identify(src/px4_msgs) by extensions ['colcon_meta']
[0.178s] Level 1:colcon.colcon_core.package_identification:_identify(src/px4_msgs) by extension 'colcon_meta'
[0.178s] Level 1:colcon.colcon_core.package_identification:_identify(src/px4_msgs) by extensions ['ros']
[0.178s] Level 1:colcon.colcon_core.package_identification:_identify(src/px4_msgs) by extension 'ros'
[0.179s] DEBUG:colcon.colcon_core.package_identification:Package 'src/px4_msgs' with type 'ros.ament_cmake' and name 'px4_msgs'
[0.180s] Level 1:colcon.colcon_core.package_identification:_identify(src/px4_ros_com) by extensions ['ignore', 'ignore_ament_install']
[0.180s] Level 1:colcon.colcon_core.package_identification:_identify(src/px4_ros_com) by extension 'ignore'
[0.180s] Level 1:colcon.colcon_core.package_identification:_identify(src/px4_ros_com) by extension 'ignore_ament_install'
[0.180s] Level 1:colcon.colcon_core.package_identification:_identify(src/px4_ros_com) by extensions ['colcon_pkg']
[0.180s] Level 1:colcon.colcon_core.package_identification:_identify(src/px4_ros_com) by extension 'colcon_pkg'
[0.180s] Level 1:colcon.colcon_core.package_identification:_identify(src/px4_ros_com) by extensions ['colcon_meta']
[0.180s] Level 1:colcon.colcon_core.package_identification:_identify(src/px4_ros_com) by extension 'colcon_meta'
[0.180s] Level 1:colcon.colcon_core.package_identification:_identify(src/px4_ros_com) by extensions ['ros']
[0.180s] Level 1:colcon.colcon_core.package_identification:_identify(src/px4_ros_com) by extension 'ros'
[0.181s] DEBUG:colcon.colcon_core.package_identification:Package 'src/px4_ros_com' with type 'ros.ament_cmake' and name 'px4_ros_com'
[0.181s] Level 1:colcon.colcon_core.package_identification:_identify(src/state_publisher) by extensions ['ignore', 'ignore_ament_install']
[0.181s] Level 1:colcon.colcon_core.package_identification:_identify(src/state_publisher) by extension 'ignore'
[0.181s] Level 1:colcon.colcon_core.package_identification:_identify(src/state_publisher) by extension 'ignore_ament_install'
[0.181s] Level 1:colcon.colcon_core.package_identification:_identify(src/state_publisher) by extensions ['colcon_pkg']
[0.181s] Level 1:colcon.colcon_core.package_identification:_identify(src/state_publisher) by extension 'colcon_pkg'
[0.181s] Level 1:colcon.colcon_core.package_identification:_identify(src/state_publisher) by extensions ['colcon_meta']
[0.181s] Level 1:colcon.colcon_core.package_identification:_identify(src/state_publisher) by extension 'colcon_meta'
[0.181s] Level 1:colcon.colcon_core.package_identification:_identify(src/state_publisher) by extensions ['ros']
[0.181s] Level 1:colcon.colcon_core.package_identification:_identify(src/state_publisher) by extension 'ros'
[0.181s] DEBUG:colcon.colcon_core.package_identification:Package 'src/state_publisher' with type 'ros.ament_python' and name 'state_publisher'
[0.181s] Level 1:colcon.colcon_core.package_discovery:discover_packages(recursive) using defaults
[0.181s] Level 1:colcon.colcon_core.package_discovery:discover_packages(ignore) discover
[0.181s] Level 1:colcon.colcon_core.package_discovery:discover_packages(ignore) using defaults
[0.181s] Level 1:colcon.colcon_core.package_discovery:discover_packages(path) discover
[0.181s] Level 1:colcon.colcon_core.package_discovery:discover_packages(path) using defaults
[0.202s] Level 1:colcon.colcon_core.package_discovery:discover_packages(prefix_path) check parameters
[0.202s] Level 1:colcon.colcon_core.package_discovery:discover_packages(prefix_path) discover
[0.204s] DEBUG:colcon.colcon_installed_package_information.package_discovery:Found 4 installed packages in /home/deeric/belajar-ROS/ros2_ws/install
[0.204s] DEBUG:colcon.colcon_installed_package_information.package_discovery:Found 1 installed packages in /home/deeric/belajar-ROS/Decawave-ros-data-sim/install
[0.205s] DEBUG:colcon.colcon_installed_package_information.package_discovery:Found 326 installed packages in /opt/ros/humble
[0.206s] Level 1:colcon.colcon_core.package_discovery:discover_packages(prefix_path) using defaults
[0.230s] Level 5:colcon.colcon_core.verb:set package 'px4_msgs' build argument 'cmake_args' from command line to 'None'
[0.230s] Level 5:colcon.colcon_core.verb:set package 'px4_msgs' build argument 'cmake_target' from command line to 'None'
[0.230s] Level 5:colcon.colcon_core.verb:set package 'px4_msgs' build argument 'cmake_target_skip_unavailable' from command line to 'False'
[0.230s] Level 5:colcon.colcon_core.verb:set package 'px4_msgs' build argument 'cmake_clean_cache' from command line to 'False'
[0.230s] Level 5:colcon.colcon_core.verb:set package 'px4_msgs' build argument 'cmake_clean_first' from command line to 'False'
[0.231s] Level 5:colcon.colcon_core.verb:set package 'px4_msgs' build argument 'cmake_force_configure' from command line to 'False'
[0.231s] Level 5:colcon.colcon_core.verb:set package 'px4_msgs' build argument 'ament_cmake_args' from command line to 'None'
[0.231s] Level 5:colcon.colcon_core.verb:set package 'px4_msgs' build argument 'catkin_cmake_args' from command line to 'None'
[0.231s] Level 5:colcon.colcon_core.verb:set package 'px4_msgs' build argument 'catkin_skip_building_tests' from command line to 'False'
[0.231s] DEBUG:colcon.colcon_core.verb:Building package 'px4_msgs' with the following arguments: {'ament_cmake_args': None, 'build_base': '/home/deeric/belajar-ROS/ros2_ws/build/px4_msgs', 'catkin_cmake_args': None, 'catkin_skip_building_tests': False, 'cmake_args': None, 'cmake_clean_cache': False, 'cmake_clean_first': False, 'cmake_force_configure': False, 'cmake_target': None, 'cmake_target_skip_unavailable': False, 'install_base': '/home/deeric/belajar-ROS/ros2_ws/install/px4_msgs', 'merge_install': False, 'path': '/home/deeric/belajar-ROS/ros2_ws/src/px4_msgs', 'symlink_install': False, 'test_result_base': None}
[0.231s] Level 5:colcon.colcon_core.verb:set package 'state_publisher' build argument 'cmake_args' from command line to 'None'
[0.231s] Level 5:colcon.colcon_core.verb:set package 'state_publisher' build argument 'cmake_target' from command line to 'None'
[0.231s] Level 5:colcon.colcon_core.verb:set package 'state_publisher' build argument 'cmake_target_skip_unavailable' from command line to 'False'
[0.231s] Level 5:colcon.colcon_core.verb:set package 'state_publisher' build argument 'cmake_clean_cache' from command line to 'False'
[0.231s] Level 5:colcon.colcon_core.verb:set package 'state_publisher' build argument 'cmake_clean_first' from command line to 'False'
[0.231s] Level 5:colcon.colcon_core.verb:set package 'state_publisher' build argument 'cmake_force_configure' from command line to 'False'
[0.231s] Level 5:colcon.colcon_core.verb:set package 'state_publisher' build argument 'ament_cmake_args' from command line to 'None'
[0.231s] Level 5:colcon.colcon_core.verb:set package 'state_publisher' build argument 'catkin_cmake_args' from command line to 'None'
[0.231s] Level 5:colcon.colcon_core.verb:set package 'state_publisher' build argument 'catkin_skip_building_tests' from command line to 'False'
[0.231s] DEBUG:colcon.colcon_core.verb:Building package 'state_publisher' with the following arguments: {'ament_cmake_args': None, 'build_base': '/home/deeric/belajar-ROS/ros2_ws/build/state_publisher', 'catkin_cmake_args': None, 'catkin_skip_building_tests': False, 'cmake_args': None, 'cmake_clean_cache': False, 'cmake_clean_first': False, 'cmake_force_configure': False, 'cmake_target': None, 'cmake_target_skip_unavailable': False, 'install_base': '/home/deeric/belajar-ROS/ros2_ws/install/state_publisher', 'merge_install': False, 'path': '/home/deeric/belajar-ROS/ros2_ws/src/state_publisher', 'symlink_install': False, 'test_result_base': None}
[0.231s] Level 5:colcon.colcon_core.verb:set package 'px4_ros_com' build argument 'cmake_args' from command line to 'None'
[0.231s] Level 5:colcon.colcon_core.verb:set package 'px4_ros_com' build argument 'cmake_target' from command line to 'None'
[0.231s] Level 5:colcon.colcon_core.verb:set package 'px4_ros_com' build argument 'cmake_target_skip_unavailable' from command line to 'False'
[0.231s] Level 5:colcon.colcon_core.verb:set package 'px4_ros_com' build argument 'cmake_clean_cache' from command line to 'False'
[0.231s] Level 5:colcon.colcon_core.verb:set package 'px4_ros_com' build argument 'cmake_clean_first' from command line to 'False'
[0.231s] Level 5:colcon.colcon_core.verb:set package 'px4_ros_com' build argument 'cmake_force_configure' from command line to 'False'
[0.231s] Level 5:colcon.colcon_core.verb:set package 'px4_ros_com' build argument 'ament_cmake_args' from command line to 'None'
[0.231s] Level 5:colcon.colcon_core.verb:set package 'px4_ros_com' build argument 'catkin_cmake_args' from command line to 'None'
[0.231s] Level 5:colcon.colcon_core.verb:set package 'px4_ros_com' build argument 'catkin_skip_building_tests' from command line to 'False'
[0.231s] DEBUG:colcon.colcon_core.verb:Building package 'px4_ros_com' with the following arguments: {'ament_cmake_args': None, 'build_base': '/home/deeric/belajar-ROS/ros2_ws/build/px4_ros_com', 'catkin_cmake_args': None, 'catkin_skip_building_tests': False, 'cmake_args': None, 'cmake_clean_cache': False, 'cmake_clean_first': False, 'cmake_force_configure': False, 'cmake_target': None, 'cmake_target_skip_unavailable': False, 'install_base': '/home/deeric/belajar-ROS/ros2_ws/install/px4_ros_com', 'merge_install': False, 'path': '/home/deeric/belajar-ROS/ros2_ws/src/px4_ros_com', 'symlink_install': False, 'test_result_base': None}
[0.231s] INFO:colcon.colcon_core.executor:Executing jobs using 'parallel' executor
[0.232s] DEBUG:colcon.colcon_parallel_executor.executor.parallel:run_until_complete
[0.232s] INFO:colcon.colcon_ros.task.ament_cmake.build:Building ROS package in '/home/deeric/belajar-ROS/ros2_ws/src/px4_msgs' with build type 'ament_cmake'
[0.232s] INFO:colcon.colcon_cmake.task.cmake.build:Building CMake package in '/home/deeric/belajar-ROS/ros2_ws/src/px4_msgs'
[0.234s] INFO:colcon.colcon_core.plugin_system:Skipping extension 'colcon_core.shell.bat': Not used on non-Windows systems
[0.234s] INFO:colcon.colcon_core.shell:Skip shell extension 'powershell' for command environment: Not usable outside of PowerShell
[0.234s] DEBUG:colcon.colcon_core.shell:Skip shell extension 'dsv' for command environment
[0.237s] INFO:colcon.colcon_ros.task.ament_python.build:Building ROS package in '/home/deeric/belajar-ROS/ros2_ws/src/state_publisher' with build type 'ament_python'
[0.237s] Level 1:colcon.colcon_core.shell:create_environment_hook('state_publisher', 'ament_prefix_path')
[0.237s] INFO:colcon.colcon_core.shell:Creating environment hook '/home/deeric/belajar-ROS/ros2_ws/install/state_publisher/share/state_publisher/hook/ament_prefix_path.ps1'
[0.238s] INFO:colcon.colcon_core.shell:Creating environment descriptor '/home/deeric/belajar-ROS/ros2_ws/install/state_publisher/share/state_publisher/hook/ament_prefix_path.dsv'
[0.238s] INFO:colcon.colcon_core.shell:Creating environment hook '/home/deeric/belajar-ROS/ros2_ws/install/state_publisher/share/state_publisher/hook/ament_prefix_path.sh'
[0.239s] INFO:colcon.colcon_core.shell:Skip shell extension 'powershell' for command environment: Not usable outside of PowerShell
[0.239s] DEBUG:colcon.colcon_core.shell:Skip shell extension 'dsv' for command environment
[0.246s] DEBUG:colcon.colcon_core.event_handler.log_command:Invoking command in '/home/deeric/belajar-ROS/ros2_ws/build/px4_msgs': CMAKE_PREFIX_PATH=${CMAKE_PREFIX_PATH}:/home/deeric/belajar-ROS/ros2_ws/install/stereoCam:/home/deeric/belajar-ROS/ros2_ws/install/state_publisher:/home/deeric/belajar-ROS/Decawave-ros-data-sim/install/locator:/opt/ros/humble PS1=[\u\]$ /usr/bin/cmake --build /home/deeric/belajar-ROS/ros2_ws/build/px4_msgs -- -j12 -l12
[0.408s] INFO:colcon.colcon_core.task.python.build:Building Python package in '/home/deeric/belajar-ROS/ros2_ws/src/state_publisher'
[0.408s] INFO:colcon.colcon_core.shell:Skip shell extension 'powershell' for command environment: Not usable outside of PowerShell
[0.408s] DEBUG:colcon.colcon_core.shell:Skip shell extension 'dsv' for command environment
[0.629s] DEBUG:colcon.colcon_core.event_handler.log_command:Invoking command in '/home/deeric/belajar-ROS/ros2_ws/src/state_publisher': PS1=[\u\]$ PYTHONPATH=/home/deeric/belajar-ROS/ros2_ws/build/state_publisher/prefix_override:/usr/lib/python3/dist-packages/colcon_core/task/python/colcon_distutils_commands:/home/deeric/belajar-ROS/ros2_ws/install/state_publisher/lib/python3.10/site-packages:${PYTHONPATH} /usr/bin/python3 -W ignore:setup.py install is deprecated -W ignore:easy_install command is deprecated setup.py egg_info --egg-base ../../build/state_publisher build --build-base /home/deeric/belajar-ROS/ros2_ws/build/state_publisher/build install --record /home/deeric/belajar-ROS/ros2_ws/build/state_publisher/install.log --single-version-externally-managed install_data
[0.834s] DEBUG:colcon.colcon_core.event_handler.log_command:Invoked command in '/home/deeric/belajar-ROS/ros2_ws/src/state_publisher' returned '0': PS1=[\u\]$ PYTHONPATH=/home/deeric/belajar-ROS/ros2_ws/build/state_publisher/prefix_override:/usr/lib/python3/dist-packages/colcon_core/task/python/colcon_distutils_commands:/home/deeric/belajar-ROS/ros2_ws/install/state_publisher/lib/python3.10/site-packages:${PYTHONPATH} /usr/bin/python3 -W ignore:setup.py install is deprecated -W ignore:easy_install command is deprecated setup.py egg_info --egg-base ../../build/state_publisher build --build-base /home/deeric/belajar-ROS/ros2_ws/build/state_publisher/build install --record /home/deeric/belajar-ROS/ros2_ws/build/state_publisher/install.log --single-version-externally-managed install_data
[0.835s] Level 1:colcon.colcon_core.environment:checking '/home/deeric/belajar-ROS/ros2_ws/install/state_publisher' for CMake module files
[0.835s] Level 1:colcon.colcon_core.environment:checking '/home/deeric/belajar-ROS/ros2_ws/install/state_publisher' for CMake config files
[0.836s] Level 1:colcon.colcon_core.environment:checking '/home/deeric/belajar-ROS/ros2_ws/install/state_publisher/lib'
[0.836s] Level 1:colcon.colcon_core.environment:checking '/home/deeric/belajar-ROS/ros2_ws/install/state_publisher/bin'
[0.836s] Level 1:colcon.colcon_core.environment:checking '/home/deeric/belajar-ROS/ros2_ws/install/state_publisher/lib/pkgconfig/state_publisher.pc'
[0.836s] Level 1:colcon.colcon_core.environment:checking '/home/deeric/belajar-ROS/ros2_ws/install/state_publisher/lib/python3.10/site-packages'
[0.836s] Level 1:colcon.colcon_core.shell:create_environment_hook('state_publisher', 'pythonpath')
[0.836s] INFO:colcon.colcon_core.shell:Creating environment hook '/home/deeric/belajar-ROS/ros2_ws/install/state_publisher/share/state_publisher/hook/pythonpath.ps1'
[0.837s] INFO:colcon.colcon_core.shell:Creating environment descriptor '/home/deeric/belajar-ROS/ros2_ws/install/state_publisher/share/state_publisher/hook/pythonpath.dsv'
[0.837s] INFO:colcon.colcon_core.shell:Creating environment hook '/home/deeric/belajar-ROS/ros2_ws/install/state_publisher/share/state_publisher/hook/pythonpath.sh'
[0.838s] Level 1:colcon.colcon_core.environment:checking '/home/deeric/belajar-ROS/ros2_ws/install/state_publisher/bin'
[0.838s] Level 1:colcon.colcon_core.environment:create_environment_scripts_only(state_publisher)
[0.838s] INFO:colcon.colcon_core.shell:Creating package script '/home/deeric/belajar-ROS/ros2_ws/install/state_publisher/share/state_publisher/package.ps1'
[0.839s] INFO:colcon.colcon_core.shell:Creating package descriptor '/home/deeric/belajar-ROS/ros2_ws/install/state_publisher/share/state_publisher/package.dsv'
[0.839s] INFO:colcon.colcon_core.shell:Creating package script '/home/deeric/belajar-ROS/ros2_ws/install/state_publisher/share/state_publisher/package.sh'
[0.840s] INFO:colcon.colcon_core.shell:Creating package script '/home/deeric/belajar-ROS/ros2_ws/install/state_publisher/share/state_publisher/package.bash'
[0.840s] INFO:colcon.colcon_core.shell:Creating package script '/home/deeric/belajar-ROS/ros2_ws/install/state_publisher/share/state_publisher/package.zsh'
[0.841s] Level 1:colcon.colcon_core.environment:create_file_with_runtime_dependencies(/home/deeric/belajar-ROS/ros2_ws/install/state_publisher/share/colcon-core/packages/state_publisher)
[0.936s] DEBUG:colcon.colcon_core.event_handler.log_command:Invoked command in '/home/deeric/belajar-ROS/ros2_ws/build/px4_msgs' returned '0': CMAKE_PREFIX_PATH=${CMAKE_PREFIX_PATH}:/home/deeric/belajar-ROS/ros2_ws/install/stereoCam:/home/deeric/belajar-ROS/ros2_ws/install/state_publisher:/home/deeric/belajar-ROS/Decawave-ros-data-sim/install/locator:/opt/ros/humble PS1=[\u\]$ /usr/bin/cmake --build /home/deeric/belajar-ROS/ros2_ws/build/px4_msgs -- -j12 -l12
[0.944s] DEBUG:colcon.colcon_core.event_handler.log_command:Invoking command in '/home/deeric/belajar-ROS/ros2_ws/build/px4_msgs': CMAKE_PREFIX_PATH=${CMAKE_PREFIX_PATH}:/home/deeric/belajar-ROS/ros2_ws/install/stereoCam:/home/deeric/belajar-ROS/ros2_ws/install/state_publisher:/home/deeric/belajar-ROS/Decawave-ros-data-sim/install/locator:/opt/ros/humble PS1=[\u\]$ /usr/bin/cmake --install /home/deeric/belajar-ROS/ros2_ws/build/px4_msgs
[1.168s] Level 1:colcon.colcon_core.environment:create_environment_scripts_only(px4_msgs)
[1.168s] Level 1:colcon.colcon_core.environment:checking '/home/deeric/belajar-ROS/ros2_ws/install/px4_msgs' for CMake module files
[1.168s] DEBUG:colcon.colcon_core.event_handler.log_command:Invoked command in '/home/deeric/belajar-ROS/ros2_ws/build/px4_msgs' returned '0': CMAKE_PREFIX_PATH=${CMAKE_PREFIX_PATH}:/home/deeric/belajar-ROS/ros2_ws/install/stereoCam:/home/deeric/belajar-ROS/ros2_ws/install/state_publisher:/home/deeric/belajar-ROS/Decawave-ros-data-sim/install/locator:/opt/ros/humble PS1=[\u\]$ /usr/bin/cmake --install /home/deeric/belajar-ROS/ros2_ws/build/px4_msgs
[1.169s] Level 1:colcon.colcon_core.environment:checking '/home/deeric/belajar-ROS/ros2_ws/install/px4_msgs' for CMake config files
[1.169s] Level 1:colcon.colcon_core.shell:create_environment_hook('px4_msgs', 'cmake_prefix_path')
[1.170s] INFO:colcon.colcon_core.shell:Creating environment hook '/home/deeric/belajar-ROS/ros2_ws/install/px4_msgs/share/px4_msgs/hook/cmake_prefix_path.ps1'
[1.170s] INFO:colcon.colcon_core.shell:Creating environment descriptor '/home/deeric/belajar-ROS/ros2_ws/install/px4_msgs/share/px4_msgs/hook/cmake_prefix_path.dsv'
[1.170s] INFO:colcon.colcon_core.shell:Creating environment hook '/home/deeric/belajar-ROS/ros2_ws/install/px4_msgs/share/px4_msgs/hook/cmake_prefix_path.sh'
[1.170s] Level 1:colcon.colcon_core.environment:checking '/home/deeric/belajar-ROS/ros2_ws/install/px4_msgs/lib'
[1.171s] Level 1:colcon.colcon_core.shell:create_environment_hook('px4_msgs', 'ld_library_path_lib')
[1.171s] INFO:colcon.colcon_core.shell:Creating environment hook '/home/deeric/belajar-ROS/ros2_ws/install/px4_msgs/share/px4_msgs/hook/ld_library_path_lib.ps1'
[1.171s] INFO:colcon.colcon_core.shell:Creating environment descriptor '/home/deeric/belajar-ROS/ros2_ws/install/px4_msgs/share/px4_msgs/hook/ld_library_path_lib.dsv'
[1.171s] INFO:colcon.colcon_core.shell:Creating environment hook '/home/deeric/belajar-ROS/ros2_ws/install/px4_msgs/share/px4_msgs/hook/ld_library_path_lib.sh'
[1.172s] Level 1:colcon.colcon_core.environment:checking '/home/deeric/belajar-ROS/ros2_ws/install/px4_msgs/bin'
[1.172s] Level 1:colcon.colcon_core.environment:checking '/home/deeric/belajar-ROS/ros2_ws/install/px4_msgs/lib/pkgconfig/px4_msgs.pc'
[1.172s] Level 1:colcon.colcon_core.environment:checking '/home/deeric/belajar-ROS/ros2_ws/install/px4_msgs/lib/python3.10/site-packages'
[1.172s] Level 1:colcon.colcon_core.environment:checking '/home/deeric/belajar-ROS/ros2_ws/install/px4_msgs/bin'
[1.172s] INFO:colcon.colcon_core.shell:Creating package script '/home/deeric/belajar-ROS/ros2_ws/install/px4_msgs/share/px4_msgs/package.ps1'
[1.172s] INFO:colcon.colcon_core.shell:Creating package descriptor '/home/deeric/belajar-ROS/ros2_ws/install/px4_msgs/share/px4_msgs/package.dsv'
[1.173s] INFO:colcon.colcon_core.shell:Creating package script '/home/deeric/belajar-ROS/ros2_ws/install/px4_msgs/share/px4_msgs/package.sh'
[1.173s] INFO:colcon.colcon_core.shell:Creating package script '/home/deeric/belajar-ROS/ros2_ws/install/px4_msgs/share/px4_msgs/package.bash'
[1.173s] INFO:colcon.colcon_core.shell:Creating package script '/home/deeric/belajar-ROS/ros2_ws/install/px4_msgs/share/px4_msgs/package.zsh'
[1.173s] Level 1:colcon.colcon_core.environment:create_file_with_runtime_dependencies(/home/deeric/belajar-ROS/ros2_ws/install/px4_msgs/share/colcon-core/packages/px4_msgs)
[1.173s] Level 1:colcon.colcon_core.environment:create_environment_scripts_only(px4_msgs)
[1.174s] Level 1:colcon.colcon_core.environment:checking '/home/deeric/belajar-ROS/ros2_ws/install/px4_msgs' for CMake module files
[1.174s] Level 1:colcon.colcon_core.environment:checking '/home/deeric/belajar-ROS/ros2_ws/install/px4_msgs' for CMake config files
[1.174s] Level 1:colcon.colcon_core.shell:create_environment_hook('px4_msgs', 'cmake_prefix_path')
[1.175s] INFO:colcon.colcon_core.shell:Creating environment hook '/home/deeric/belajar-ROS/ros2_ws/install/px4_msgs/share/px4_msgs/hook/cmake_prefix_path.ps1'
[1.175s] INFO:colcon.colcon_core.shell:Creating environment descriptor '/home/deeric/belajar-ROS/ros2_ws/install/px4_msgs/share/px4_msgs/hook/cmake_prefix_path.dsv'
[1.175s] INFO:colcon.colcon_core.shell:Creating environment hook '/home/deeric/belajar-ROS/ros2_ws/install/px4_msgs/share/px4_msgs/hook/cmake_prefix_path.sh'
[1.175s] Level 1:colcon.colcon_core.environment:checking '/home/deeric/belajar-ROS/ros2_ws/install/px4_msgs/lib'
[1.175s] Level 1:colcon.colcon_core.shell:create_environment_hook('px4_msgs', 'ld_library_path_lib')
[1.175s] INFO:colcon.colcon_core.shell:Creating environment hook '/home/deeric/belajar-ROS/ros2_ws/install/px4_msgs/share/px4_msgs/hook/ld_library_path_lib.ps1'
[1.176s] INFO:colcon.colcon_core.shell:Creating environment descriptor '/home/deeric/belajar-ROS/ros2_ws/install/px4_msgs/share/px4_msgs/hook/ld_library_path_lib.dsv'
[1.176s] INFO:colcon.colcon_core.shell:Creating environment hook '/home/deeric/belajar-ROS/ros2_ws/install/px4_msgs/share/px4_msgs/hook/ld_library_path_lib.sh'
[1.176s] Level 1:colcon.colcon_core.environment:checking '/home/deeric/belajar-ROS/ros2_ws/install/px4_msgs/bin'
[1.176s] Level 1:colcon.colcon_core.environment:checking '/home/deeric/belajar-ROS/ros2_ws/install/px4_msgs/lib/pkgconfig/px4_msgs.pc'
[1.176s] Level 1:colcon.colcon_core.environment:checking '/home/deeric/belajar-ROS/ros2_ws/install/px4_msgs/lib/python3.10/site-packages'
[1.176s] Level 1:colcon.colcon_core.environment:checking '/home/deeric/belajar-ROS/ros2_ws/install/px4_msgs/bin'
[1.177s] INFO:colcon.colcon_core.shell:Creating package script '/home/deeric/belajar-ROS/ros2_ws/install/px4_msgs/share/px4_msgs/package.ps1'
[1.177s] INFO:colcon.colcon_core.shell:Creating package descriptor '/home/deeric/belajar-ROS/ros2_ws/install/px4_msgs/share/px4_msgs/package.dsv'
[1.177s] INFO:colcon.colcon_core.shell:Creating package script '/home/deeric/belajar-ROS/ros2_ws/install/px4_msgs/share/px4_msgs/package.sh'
[1.177s] INFO:colcon.colcon_core.shell:Creating package script '/home/deeric/belajar-ROS/ros2_ws/install/px4_msgs/share/px4_msgs/package.bash'
[1.177s] INFO:colcon.colcon_core.shell:Creating package script '/home/deeric/belajar-ROS/ros2_ws/install/px4_msgs/share/px4_msgs/package.zsh'
[1.178s] Level 1:colcon.colcon_core.environment:create_file_with_runtime_dependencies(/home/deeric/belajar-ROS/ros2_ws/install/px4_msgs/share/colcon-core/packages/px4_msgs)
[1.178s] INFO:colcon.colcon_ros.task.ament_cmake.build:Building ROS package in '/home/deeric/belajar-ROS/ros2_ws/src/px4_ros_com' with build type 'ament_cmake'
[1.178s] INFO:colcon.colcon_cmake.task.cmake.build:Building CMake package in '/home/deeric/belajar-ROS/ros2_ws/src/px4_ros_com'
[1.178s] INFO:colcon.colcon_core.shell:Skip shell extension 'powershell' for command environment: Not usable outside of PowerShell
[1.178s] DEBUG:colcon.colcon_core.shell:Skip shell extension 'dsv' for command environment
[1.187s] DEBUG:colcon.colcon_core.event_handler.log_command:Invoking command in '/home/deeric/belajar-ROS/ros2_ws/build/px4_ros_com': CMAKE_PREFIX_PATH=/home/deeric/belajar-ROS/ros2_ws/install/px4_msgs:/home/deeric/belajar-ROS/ros2_ws/install/px4_ros_com:/home/deeric/belajar-ROS/ros2_ws/install/stereoCam:/home/deeric/belajar-ROS/ros2_ws/install/state_publisher:/home/deeric/belajar-ROS/Decawave-ros-data-sim/install/locator:/opt/ros/humble LD_LIBRARY_PATH=/home/deeric/belajar-ROS/ros2_ws/install/px4_msgs/lib:/home/deeric/belajar-ROS/ros2_ws/install/px4_ros_com/lib:/usr/lib/x86_64-linux-gnu/gazebo-11/plugins:/opt/ros/humble/opt/rviz_ogre_vendor/lib:/opt/ros/humble/lib/x86_64-linux-gnu:/opt/ros/humble/lib:/usr/lib/x86_64-linux-gnu/gazebo-11/plugins PS1=[\u\]$ /usr/bin/cmake --build /home/deeric/belajar-ROS/ros2_ws/build/px4_ros_com -- -j12 -l12
[1.420s] DEBUG:colcon.colcon_core.event_handler.log_command:Invoked command in '/home/deeric/belajar-ROS/ros2_ws/build/px4_ros_com' returned '0': CMAKE_PREFIX_PATH=/home/deeric/belajar-ROS/ros2_ws/install/px4_msgs:/home/deeric/belajar-ROS/ros2_ws/install/px4_ros_com:/home/deeric/belajar-ROS/ros2_ws/install/stereoCam:/home/deeric/belajar-ROS/ros2_ws/install/state_publisher:/home/deeric/belajar-ROS/Decawave-ros-data-sim/install/locator:/opt/ros/humble LD_LIBRARY_PATH=/home/deeric/belajar-ROS/ros2_ws/install/px4_msgs/lib:/home/deeric/belajar-ROS/ros2_ws/install/px4_ros_com/lib:/usr/lib/x86_64-linux-gnu/gazebo-11/plugins:/opt/ros/humble/opt/rviz_ogre_vendor/lib:/opt/ros/humble/lib/x86_64-linux-gnu:/opt/ros/humble/lib:/usr/lib/x86_64-linux-gnu/gazebo-11/plugins PS1=[\u\]$ /usr/bin/cmake --build /home/deeric/belajar-ROS/ros2_ws/build/px4_ros_com -- -j12 -l12
[1.421s] DEBUG:colcon.colcon_core.event_handler.log_command:Invoking command in '/home/deeric/belajar-ROS/ros2_ws/build/px4_ros_com': CMAKE_PREFIX_PATH=/home/deeric/belajar-ROS/ros2_ws/install/px4_msgs:/home/deeric/belajar-ROS/ros2_ws/install/px4_ros_com:/home/deeric/belajar-ROS/ros2_ws/install/stereoCam:/home/deeric/belajar-ROS/ros2_ws/install/state_publisher:/home/deeric/belajar-ROS/Decawave-ros-data-sim/install/locator:/opt/ros/humble LD_LIBRARY_PATH=/home/deeric/belajar-ROS/ros2_ws/install/px4_msgs/lib:/home/deeric/belajar-ROS/ros2_ws/install/px4_ros_com/lib:/usr/lib/x86_64-linux-gnu/gazebo-11/plugins:/opt/ros/humble/opt/rviz_ogre_vendor/lib:/opt/ros/humble/lib/x86_64-linux-gnu:/opt/ros/humble/lib:/usr/lib/x86_64-linux-gnu/gazebo-11/plugins PS1=[\u\]$ /usr/bin/cmake --install /home/deeric/belajar-ROS/ros2_ws/build/px4_ros_com
[1.458s] Level 1:colcon.colcon_core.environment:create_environment_scripts_only(px4_ros_com)
[1.458s] DEBUG:colcon.colcon_core.event_handler.log_command:Invoked command in '/home/deeric/belajar-ROS/ros2_ws/build/px4_ros_com' returned '0': CMAKE_PREFIX_PATH=/home/deeric/belajar-ROS/ros2_ws/install/px4_msgs:/home/deeric/belajar-ROS/ros2_ws/install/px4_ros_com:/home/deeric/belajar-ROS/ros2_ws/install/stereoCam:/home/deeric/belajar-ROS/ros2_ws/install/state_publisher:/home/deeric/belajar-ROS/Decawave-ros-data-sim/install/locator:/opt/ros/humble LD_LIBRARY_PATH=/home/deeric/belajar-ROS/ros2_ws/install/px4_msgs/lib:/home/deeric/belajar-ROS/ros2_ws/install/px4_ros_com/lib:/usr/lib/x86_64-linux-gnu/gazebo-11/plugins:/opt/ros/humble/opt/rviz_ogre_vendor/lib:/opt/ros/humble/lib/x86_64-linux-gnu:/opt/ros/humble/lib:/usr/lib/x86_64-linux-gnu/gazebo-11/plugins PS1=[\u\]$ /usr/bin/cmake --install /home/deeric/belajar-ROS/ros2_ws/build/px4_ros_com
[1.459s] Level 1:colcon.colcon_core.environment:checking '/home/deeric/belajar-ROS/ros2_ws/install/px4_ros_com' for CMake module files
[1.460s] Level 1:colcon.colcon_core.environment:checking '/home/deeric/belajar-ROS/ros2_ws/install/px4_ros_com' for CMake config files
[1.460s] Level 1:colcon.colcon_core.shell:create_environment_hook('px4_ros_com', 'cmake_prefix_path')
[1.460s] INFO:colcon.colcon_core.shell:Creating environment hook '/home/deeric/belajar-ROS/ros2_ws/install/px4_ros_com/share/px4_ros_com/hook/cmake_prefix_path.ps1'
[1.461s] INFO:colcon.colcon_core.shell:Creating environment descriptor '/home/deeric/belajar-ROS/ros2_ws/install/px4_ros_com/share/px4_ros_com/hook/cmake_prefix_path.dsv'
[1.461s] INFO:colcon.colcon_core.shell:Creating environment hook '/home/deeric/belajar-ROS/ros2_ws/install/px4_ros_com/share/px4_ros_com/hook/cmake_prefix_path.sh'
[1.462s] Level 1:colcon.colcon_core.environment:checking '/home/deeric/belajar-ROS/ros2_ws/install/px4_ros_com/lib'
[1.462s] Level 1:colcon.colcon_core.shell:create_environment_hook('px4_ros_com', 'ld_library_path_lib')
[1.462s] INFO:colcon.colcon_core.shell:Creating environment hook '/home/deeric/belajar-ROS/ros2_ws/install/px4_ros_com/share/px4_ros_com/hook/ld_library_path_lib.ps1'
[1.462s] INFO:colcon.colcon_core.shell:Creating environment descriptor '/home/deeric/belajar-ROS/ros2_ws/install/px4_ros_com/share/px4_ros_com/hook/ld_library_path_lib.dsv'
[1.463s] INFO:colcon.colcon_core.shell:Creating environment hook '/home/deeric/belajar-ROS/ros2_ws/install/px4_ros_com/share/px4_ros_com/hook/ld_library_path_lib.sh'
[1.463s] Level 1:colcon.colcon_core.environment:checking '/home/deeric/belajar-ROS/ros2_ws/install/px4_ros_com/bin'
[1.463s] Level 1:colcon.colcon_core.environment:checking '/home/deeric/belajar-ROS/ros2_ws/install/px4_ros_com/lib/pkgconfig/px4_ros_com.pc'
[1.463s] Level 1:colcon.colcon_core.environment:checking '/home/deeric/belajar-ROS/ros2_ws/install/px4_ros_com/lib/python3.10/site-packages'
[1.464s] Level 1:colcon.colcon_core.environment:checking '/home/deeric/belajar-ROS/ros2_ws/install/px4_ros_com/bin'
[1.464s] INFO:colcon.colcon_core.shell:Creating package script '/home/deeric/belajar-ROS/ros2_ws/install/px4_ros_com/share/px4_ros_com/package.ps1'
[1.464s] INFO:colcon.colcon_core.shell:Creating package descriptor '/home/deeric/belajar-ROS/ros2_ws/install/px4_ros_com/share/px4_ros_com/package.dsv'
[1.464s] INFO:colcon.colcon_core.shell:Creating package script '/home/deeric/belajar-ROS/ros2_ws/install/px4_ros_com/share/px4_ros_com/package.sh'
[1.465s] INFO:colcon.colcon_core.shell:Creating package script '/home/deeric/belajar-ROS/ros2_ws/install/px4_ros_com/share/px4_ros_com/package.bash'
[1.465s] INFO:colcon.colcon_core.shell:Creating package script '/home/deeric/belajar-ROS/ros2_ws/install/px4_ros_com/share/px4_ros_com/package.zsh'
[1.465s] Level 1:colcon.colcon_core.environment:create_file_with_runtime_dependencies(/home/deeric/belajar-ROS/ros2_ws/install/px4_ros_com/share/colcon-core/packages/px4_ros_com)
[1.465s] Level 1:colcon.colcon_core.environment:create_environment_scripts_only(px4_ros_com)
[1.465s] Level 1:colcon.colcon_core.environment:checking '/home/deeric/belajar-ROS/ros2_ws/install/px4_ros_com' for CMake module files
[1.466s] Level 1:colcon.colcon_core.environment:checking '/home/deeric/belajar-ROS/ros2_ws/install/px4_ros_com' for CMake config files
[1.466s] Level 1:colcon.colcon_core.shell:create_environment_hook('px4_ros_com', 'cmake_prefix_path')
[1.466s] INFO:colcon.colcon_core.shell:Creating environment hook '/home/deeric/belajar-ROS/ros2_ws/install/px4_ros_com/share/px4_ros_com/hook/cmake_prefix_path.ps1'
[1.466s] INFO:colcon.colcon_core.shell:Creating environment descriptor '/home/deeric/belajar-ROS/ros2_ws/install/px4_ros_com/share/px4_ros_com/hook/cmake_prefix_path.dsv'
[1.466s] INFO:colcon.colcon_core.shell:Creating environment hook '/home/deeric/belajar-ROS/ros2_ws/install/px4_ros_com/share/px4_ros_com/hook/cmake_prefix_path.sh'
[1.467s] Level 1:colcon.colcon_core.environment:checking '/home/deeric/belajar-ROS/ros2_ws/install/px4_ros_com/lib'
[1.467s] Level 1:colcon.colcon_core.shell:create_environment_hook('px4_ros_com', 'ld_library_path_lib')
[1.467s] INFO:colcon.colcon_core.shell:Creating environment hook '/home/deeric/belajar-ROS/ros2_ws/install/px4_ros_com/share/px4_ros_com/hook/ld_library_path_lib.ps1'
[1.467s] INFO:colcon.colcon_core.shell:Creating environment descriptor '/home/deeric/belajar-ROS/ros2_ws/install/px4_ros_com/share/px4_ros_com/hook/ld_library_path_lib.dsv'
[1.468s] INFO:colcon.colcon_core.shell:Creating environment hook '/home/deeric/belajar-ROS/ros2_ws/install/px4_ros_com/share/px4_ros_com/hook/ld_library_path_lib.sh'
[1.468s] Level 1:colcon.colcon_core.environment:checking '/home/deeric/belajar-ROS/ros2_ws/install/px4_ros_com/bin'
[1.468s] Level 1:colcon.colcon_core.environment:checking '/home/deeric/belajar-ROS/ros2_ws/install/px4_ros_com/lib/pkgconfig/px4_ros_com.pc'
[1.468s] Level 1:colcon.colcon_core.environment:checking '/home/deeric/belajar-ROS/ros2_ws/install/px4_ros_com/lib/python3.10/site-packages'
[1.468s] Level 1:colcon.colcon_core.environment:checking '/home/deeric/belajar-ROS/ros2_ws/install/px4_ros_com/bin'
[1.468s] INFO:colcon.colcon_core.shell:Creating package script '/home/deeric/belajar-ROS/ros2_ws/install/px4_ros_com/share/px4_ros_com/package.ps1'
[1.469s] INFO:colcon.colcon_core.shell:Creating package descriptor '/home/deeric/belajar-ROS/ros2_ws/install/px4_ros_com/share/px4_ros_com/package.dsv'
[1.469s] INFO:colcon.colcon_core.shell:Creating package script '/home/deeric/belajar-ROS/ros2_ws/install/px4_ros_com/share/px4_ros_com/package.sh'
[1.470s] INFO:colcon.colcon_core.shell:Creating package script '/home/deeric/belajar-ROS/ros2_ws/install/px4_ros_com/share/px4_ros_com/package.bash'
[1.470s] INFO:colcon.colcon_core.shell:Creating package script '/home/deeric/belajar-ROS/ros2_ws/install/px4_ros_com/share/px4_ros_com/package.zsh'
[1.470s] Level 1:colcon.colcon_core.environment:create_file_with_runtime_dependencies(/home/deeric/belajar-ROS/ros2_ws/install/px4_ros_com/share/colcon-core/packages/px4_ros_com)
[1.470s] DEBUG:colcon.colcon_parallel_executor.executor.parallel:closing loop
[1.470s] DEBUG:colcon.colcon_parallel_executor.executor.parallel:loop closed
[1.470s] DEBUG:colcon.colcon_parallel_executor.executor.parallel:run_until_complete finished with '0'
[1.471s] DEBUG:colcon.colcon_core.event_reactor:joining thread
[1.474s] INFO:colcon.colcon_core.plugin_system:Skipping extension 'colcon_notification.desktop_notification.notify_send': Could not find 'notify-send'
[1.474s] INFO:colcon.colcon_core.plugin_system:Skipping extension 'colcon_notification.desktop_notification.terminal_notifier': Not used on non-Darwin systems
[1.474s] INFO:colcon.colcon_core.plugin_system:Skipping extension 'colcon_notification.desktop_notification.win32': Not used on non-Windows systems
[1.474s] INFO:colcon.colcon_notification.desktop_notification:Sending desktop notification using 'notify2'
[1.475s] DEBUG:colcon.colcon_notification.desktop_notification.notify2:Failed to initialize notify2: org.freedesktop.DBus.Error.ServiceUnknown: The name org.freedesktop.Notifications was not provided by any .service files
[1.475s] DEBUG:colcon.colcon_core.event_reactor:joined thread
[1.475s] INFO:colcon.colcon_core.shell:Creating prefix script '/home/deeric/belajar-ROS/ros2_ws/install/local_setup.ps1'
[1.476s] INFO:colcon.colcon_core.shell:Creating prefix util module '/home/deeric/belajar-ROS/ros2_ws/install/_local_setup_util_ps1.py'
[1.477s] INFO:colcon.colcon_core.shell:Creating prefix chain script '/home/deeric/belajar-ROS/ros2_ws/install/setup.ps1'
[1.477s] INFO:colcon.colcon_core.shell:Creating prefix script '/home/deeric/belajar-ROS/ros2_ws/install/local_setup.sh'
[1.478s] INFO:colcon.colcon_core.shell:Creating prefix util module '/home/deeric/belajar-ROS/ros2_ws/install/_local_setup_util_sh.py'
[1.478s] INFO:colcon.colcon_core.shell:Creating prefix chain script '/home/deeric/belajar-ROS/ros2_ws/install/setup.sh'
[1.478s] INFO:colcon.colcon_core.shell:Creating prefix script '/home/deeric/belajar-ROS/ros2_ws/install/local_setup.bash'
[1.479s] INFO:colcon.colcon_core.shell:Creating prefix chain script '/home/deeric/belajar-ROS/ros2_ws/install/setup.bash'
[1.479s] INFO:colcon.colcon_core.shell:Creating prefix script '/home/deeric/belajar-ROS/ros2_ws/install/local_setup.zsh'
[1.480s] INFO:colcon.colcon_core.shell:Creating prefix chain script '/home/deeric/belajar-ROS/ros2_ws/install/setup.zsh'
